[2016.04.04-20.16.40:265][  0]Log file open, 04/04/16 16:16:40
[2016.04.04-20.16.40:265][  0]LogInit:Display: Running engine for game: TIWAD
[2016.04.04-20.16.40:265][  0]LogPlatformFile: Not using cached read wrapper
[2016.04.04-20.16.40:265][  0]LogInit:Display: RandInit(-130828954) SRandInit(-130828952).
[2016.04.04-20.16.40:265][  0]LogTaskGraph: Started task graph with 4 named threads and 7 total threads.
[2016.04.04-20.16.40:265][  0]LogStats: Stats thread started at 0.072022
[2016.04.04-20.16.40:265][  0]LogInit: Version: 4.10.1-2791327+++depot+UE4-Releases+4.10
[2016.04.04-20.16.40:265][  0]LogInit: API Version: 2758231
[2016.04.04-20.16.40:265][  0]LogInit: Compiled (64-bit): Dec  4 2015 19:44:40
[2016.04.04-20.16.40:265][  0]LogInit: Compiled with Visual C++: 19.00.23026.00
[2016.04.04-20.16.40:265][  0]LogInit: Build Configuration: Development
[2016.04.04-20.16.40:265][  0]LogInit: Branch Name: ++depot+UE4-Releases+4.10
[2016.04.04-20.16.40:265][  0]LogInit: Command line: -EpicPortal 
[2016.04.04-20.16.40:265][  0]LogInit: Base directory: C:/Program Files/Unreal Engine/4.10/Engine/Binaries/Win64/
[2016.04.04-20.16.40:265][  0]LogInit: Rocket: 1
[2016.04.04-20.16.40:270][  0]LogInit: Using libcurl 7.41.0
[2016.04.04-20.16.40:270][  0]LogInit:  - built for x86_64-pc-win32
[2016.04.04-20.16.40:270][  0]LogInit:  - supports SSL with WinSSL
[2016.04.04-20.16.40:270][  0]LogInit:  - other features:
[2016.04.04-20.16.40:270][  0]LogInit:      CURL_VERSION_SSL
[2016.04.04-20.16.40:270][  0]LogInit:      CURL_VERSION_IPV6
[2016.04.04-20.16.40:270][  0]LogInit:      CURL_VERSION_ASYNCHDNS
[2016.04.04-20.16.40:270][  0]LogInit:      CURL_VERSION_LARGEFILE
[2016.04.04-20.16.40:270][  0]LogInit:      CURL_VERSION_IDN
[2016.04.04-20.16.40:270][  0]LogInit:  CurlRequestOptions (configurable via config and command line):
[2016.04.04-20.16.40:270][  0]LogInit:  - bVerifyPeer = true  - Libcurl will verify peer certificate
[2016.04.04-20.16.40:270][  0]LogInit:  - bUseHttpProxy = false  - Libcurl will NOT use HTTP proxy
[2016.04.04-20.16.40:270][  0]LogInit:  - bDontReuseConnections = false  - Libcurl will reuse connections
[2016.04.04-20.16.40:270][  0]LogInit:  - CertBundlePath = nullptr  - Libcurl will use whatever was configured at build time.
[2016.04.04-20.16.40:276][  0]LogInit: Presizing for 0 objects not considered by GC, pre-allocating 0 bytes.
[2016.04.04-20.16.40:282][  0]LogInit: Object subsystem initialized
[2016.04.04-20.16.40:285][  0]LogInit: Selected Device Profile: [Windows]
[2016.04.04-20.16.40:285][  0]LogInit: Applying CVar settings loaded from the selected device profile: [Windows]
[2016.04.04-20.16.40:295][  0]LogInit: Computer: 1398-P1C9-1369
[2016.04.04-20.16.40:295][  0]LogInit: User: cuche
[2016.04.04-20.16.40:295][  0]LogInit: CPU Page size=4096, Cores=4
[2016.04.04-20.16.40:295][  0]LogInit: High frequency timer resolution =2.728085 MHz
[2016.04.04-20.16.40:295][  0]LogMemory: Memory total: Physical=15.9GB (16GB approx)
[2016.04.04-20.16.40:295][  0]LogMemory: Platform Memory Stats for Windows
[2016.04.04-20.16.40:295][  0]LogMemory: Process Physical Memory: 56.07 MB used, 56.07 MB peak
[2016.04.04-20.16.40:295][  0]LogMemory: Process Virtual Memory: 55.85 MB used, 55.85 MB peak
[2016.04.04-20.16.40:295][  0]LogMemory: Physical Memory: 3842.66 MB used, 16308.40 MB total
[2016.04.04-20.16.40:295][  0]LogMemory: Virtual Memory: 352.55 MB used, 8388608.00 MB total
[2016.04.04-20.16.40:325][  0]LogTextLocalizationManager: No specific translations for ('en-US') exist, so ('en') translations will be used.
[2016.04.04-20.16.40:744][  0]LogD3D11RHI: Found D3D11 adapter 0: NVIDIA GeForce GTX 970 (Feature Level 11_0)
[2016.04.04-20.16.40:744][  0]LogD3D11RHI: Adapter has 4008MB of dedicated video memory, 0MB of dedicated system memory, and 7898MB of shared system memory, 1 output[s]
[2016.04.04-20.16.40:744][  0]LogD3D11RHI: Chosen D3D11 Adapter Id = 0
[2016.04.04-20.16.40:748][  0]LogD3D11RHI: !Direct3DDevice
[2016.04.04-20.16.40:748][  0]LogRHI: Texture pool is 1361 MB (70% of 1945 MB)
[2016.04.04-20.16.40:756][  0]LogD3D11RHI: Async texture creation enabled
[2016.04.04-20.16.40:769][  0]LogShaderCompilers: Guid format shader working directory is 3 characters bigger than the processId version (../../../../../../Users/cuche/Desktop/TIWAD/Intermediate/Shaders/WorkingDirectory/4624/).
[2016.04.04-20.16.40:769][  0]LogShaderCompilers: Cleaned the shader compiler working directory 'C:/Users/cuche/AppData/Local/Temp/UnrealShaderWorkingDir/DB86563E4E0361F812DD0AB73B1D7EAA/'.
[2016.04.04-20.16.40:769][  0]LogShaderCompilers:Display: Using Local Shader Compiler.
[2016.04.04-20.16.41:525][  0]LogTemp:Display: Loaded TP AllDesktopTargetPlatform
[2016.04.04-20.16.41:530][  0]LogTemp:Display: Loaded TP WindowsClientTargetPlatform
[2016.04.04-20.16.41:534][  0]LogTemp:Display: Loaded TP WindowsNoEditorTargetPlatform
[2016.04.04-20.16.41:538][  0]LogTemp:Display: Loaded TP WindowsServerTargetPlatform
[2016.04.04-20.16.41:542][  0]LogTemp:Display: Loaded TP WindowsTargetPlatform
[2016.04.04-20.16.41:545][  0]LogTemp:Display: Loaded TP AndroidTargetPlatform
[2016.04.04-20.16.41:548][  0]LogTemp:Display: Loaded TP Android_ASTCTargetPlatform
[2016.04.04-20.16.41:551][  0]LogTemp:Display: Loaded TP Android_ATCTargetPlatform
[2016.04.04-20.16.41:553][  0]LogTemp:Display: Loaded TP Android_DXTTargetPlatform
[2016.04.04-20.16.41:556][  0]LogTemp:Display: Loaded TP Android_ETC1TargetPlatform
[2016.04.04-20.16.41:559][  0]LogTemp:Display: Loaded TP Android_ETC2TargetPlatform
[2016.04.04-20.16.41:565][  0]LogTemp:Display: Loaded TP Android_MultiTargetPlatform
[2016.04.04-20.16.41:565][  0]LogTemp:Display: Loaded TP Android_PVRTCTargetPlatform
[2016.04.04-20.16.41:565][  0]LogTemp:Display: Loaded TP HTML5TargetPlatform
[2016.04.04-20.16.41:580][  0]LogTemp:Display: Loaded TP IOSTargetPlatform
[2016.04.04-20.16.41:582][  0]LogTemp:Display: Loaded TP LinuxNoEditorTargetPlatform
[2016.04.04-20.16.41:585][  0]LogTemp:Display: Loaded TP LinuxServerTargetPlatform
[2016.04.04-20.16.41:588][  0]LogTemp:Display: Loaded TP LinuxTargetPlatform
[2016.04.04-20.16.41:588][  0]LogTargetPlatformManager:Display: Building Assets For Windows
[2016.04.04-20.16.41:663][  0]LogDerivedDataCache:Display: Max Cache Size: 512 MB
[2016.04.04-20.16.41:707][  0]LogDerivedDataCache: Loaded boot cache 0.04s 41MB C:/Users/cuche/AppData/Local/UnrealEngine/4.10/DerivedDataCache/Boot.ddc.
[2016.04.04-20.16.41:707][  0]LogDerivedDataCache:Display: Loaded Boot cache: C:/Users/cuche/AppData/Local/UnrealEngine/4.10/DerivedDataCache/Boot.ddc
[2016.04.04-20.16.41:707][  0]LogDerivedDataCache: FDerivedDataBackendGraph:  Pak pak cache file ../../../../../../Users/cuche/Desktop/TIWAD/DerivedDataCache/DDC.ddp not found, will not use a pak cache.
[2016.04.04-20.16.41:707][  0]LogDerivedDataCache: Unable to find inner node Pak for hierarchical cache Hierarchy.
[2016.04.04-20.16.41:707][  0]LogDerivedDataCache: FDerivedDataBackendGraph:  CompressedPak pak cache file ../../../../../../Users/cuche/Desktop/TIWAD/DerivedDataCache/Compressed.ddp not found, will not use a pak cache.
[2016.04.04-20.16.41:708][  0]LogDerivedDataCache: Unable to find inner node CompressedPak for hierarchical cache Hierarchy.
[2016.04.04-20.16.41:768][  0]LogDerivedDataCache:Display: Pak cache opened for reading ../../../Engine/DerivedDataCache/Compressed.ddp.
[2016.04.04-20.16.41:779][  0]LogDerivedDataCache: Using Local data cache path C:/Users/cuche/AppData/Local/UnrealEngine/Common/DerivedDataCache: Writable
[2016.04.04-20.16.41:931][  0]LogInit: Selected Device Profile: [Windows]
[2016.04.04-20.16.41:931][  0]LogContentStreaming: Texture pool size is 0.000000MB
[2016.04.04-20.16.41:965][  0]LogMeshUtilities: No automatic mesh reduction module available
[2016.04.04-20.16.41:965][  0]LogMeshUtilities: No automatic mesh merging module available
[2016.04.04-20.16.42:267][  0]LogInit: WinSock: version 1.1 (2.2), MaxSocks=32767, MaxUdp=65467
[2016.04.04-20.16.43:038][  0]UdpMessaging: Initializing bridge on interface 0.0.0.0:0 to multicast group 230.0.0.1:6666.
[2016.04.04-20.16.43:127][  0]LogAssetRegistry: FAssetRegistry took 0.0101 seconds to start up
[2016.04.04-20.16.43:286][  0]SourceControl: Info Source control is disabled
[2016.04.04-20.16.43:287][  0]SourceControl: Info Source control is disabled
[2016.04.04-20.16.43:296][  0]SourceControl: Info Source control is disabled
[2016.04.04-20.16.43:305][  0]SourceControl: Info Source control is disabled
[2016.04.04-20.16.43:498][  0]LogObj: 28633 objects as part of root set at end of initial load.
[2016.04.04-20.16.43:498][  0]LogUObjectAllocator: 6099744 out of 0 bytes used by permanent object pool.
[2016.04.04-20.16.43:554][  0]LogEngine: Initializing Engine...
[2016.04.04-20.16.43:555][  0]OCULUS: Info: 04/04/16 20:16:43: [CAPI] LibOVR module is located at C:\Windows\system32\LibOVRRT64_0_8.dll

[2016.04.04-20.16.43:555][  0]OCULUS: Info: 04/04/16 20:16:43: [IPC] Call Stats for SetInitialState : x1: C2S=17.2282, S2C=4.39869, Runtime=61.9482 (microseconds) C2Ssize=80, S2Csize=81 (bytes)

[2016.04.04-20.16.43:555][  0]OCULUS: Info: 04/04/16 20:16:43: [IPC] Call Stats for IsLatencyTesterAvailable : x1: C2S=8.79738, S2C=2.5659, Runtime=1.09967 (microseconds) C2Ssize=33, S2Csize=18 (bytes)

[2016.04.04-20.16.43:555][  0]OCULUS: Info: 04/04/16 20:16:43: [IPC] Call Stats for Hmd_Create : x1: C2S=7.33115, S2C=3.29902, Runtime=8.79738 (microseconds) C2Ssize=19, S2Csize=171 (bytes)

[2016.04.04-20.16.43:555][  0]OCULUS: Info: 04/04/16 20:16:43: [IPC] Call Stats for Hmd_GetHmdInfo : x1: C2S=7.33115, S2C=5.1318, Runtime=5.1318 (microseconds) C2Ssize=23, S2Csize=699 (bytes)

[2016.04.04-20.16.43:556][  0]OCULUS: Info: 04/04/16 20:16:43: [IPC] Call Stats for SetNumberValue : x1: C2S=8.43082, S2C=3.29902, Runtime=3.66557 (microseconds) C2Ssize=55, S2Csize=25 (bytes)

[2016.04.04-20.16.43:556][  0]OCULUS: Info: 04/04/16 20:16:43: [IPC] Call Stats for SetNumberValues : x1: C2S=8.06426, S2C=2.93246, Runtime=2.93246 (microseconds) C2Ssize=81, S2Csize=25 (bytes)

[2016.04.04-20.16.43:556][  0]OCULUS: Info: 04/04/16 20:16:43: [IPC] Call Stats for Hmd_SetEnabledCaps : x1: C2S=8.43082, S2C=3.66557, Runtime=41.7876 (microseconds) C2Ssize=35, S2Csize=33 (bytes)

[2016.04.04-20.16.43:556][  0]OCULUS: Info: 04/04/16 20:16:43: [IPC] Call Stats for Hmd_ConfigureTracking : x1: C2S=9.89705, S2C=2.5659, Runtime=27.1253 (microseconds) C2Ssize=46, S2Csize=25 (bytes)

[2016.04.04-20.16.43:556][  0]OCULUS: Info: 04/04/16 20:16:43: [IPC] Call Stats for Hmd_Release : x1: C2S=8.79738, S2C=3.29902, Runtime=26.3921 (microseconds) C2Ssize=20, S2Csize=25 (bytes)

[2016.04.04-20.16.43:566][  0]LogHMD: Oculus plugin initialized. Version: 4.10.1-2791327+++depot+UE4-Releases+4.10, LibOVR: 0.8.0.0, built Dec  4 2015, 19:45:33
[2016.04.04-20.16.43:691][  0]LogAIModule: Creating AISystem for world NewWorld
[2016.04.04-20.16.43:695][  0]LogInit: XAudio2 using 'Speakers (High Definition Audio Device)' : 2 channels at 44.1 kHz using 16 bits per sample (channel mask 0x3)
[2016.04.04-20.16.43:710][  0]LogInit: FAudioDevice initialized.
[2016.04.04-20.16.43:731][  0]LogDerivedDataCache: Saved boot cache 0.02s 41MB C:/Users/cuche/AppData/Local/UnrealEngine/4.10/DerivedDataCache/Boot.ddc.
[2016.04.04-20.16.43:737][  0]LogInit: Texture streaming: Enabled
[2016.04.04-20.16.43:742][  0]LogAnalytics: Creating configured Analytics provider AnalyticsET
[2016.04.04-20.16.43:742][  0]LogAnalytics: [UEEditor.Rocket.Release] APIServer = http://et2.epicgames.com/ET2/. AppVersion = 4.10.1-2791327+++depot+UE4-Releases+4.10
[2016.04.04-20.16.43:742][  0]LogAnalytics: [UEEditor.Rocket.Release] SetUserId f1351ce44f74ae55f9194eb91fba773b|f60f675a23044102bcb7e15ef04b1024|7333aba8-a4f6-47ec-8bd5-81c40f7e236e
[2016.04.04-20.16.43:742][  0]LogAnalytics: [UEEditor.Rocket.Release] AnalyticsET::StartSession
[2016.04.04-20.16.43:765][  0]LogInit: Transaction tracking system initialized
[2016.04.04-20.16.43:794][  0]BlueprintLog: New page: Editor Load
[2016.04.04-20.16.44:278][  0]LocalizationService: Info Localization service is disabled
[2016.04.04-20.16.44:411][  0]LogConsoleResponse:Display: 
[2016.04.04-20.16.44:523][  0]LogFileCache: Scanning file cache for directory 'C:/Users/cuche/Desktop/TIWAD/Content/' took 0.01s
[2016.04.04-20.16.44:523][  0]LogCook:Display: Done creating registry. It took  0.00s.
[2016.04.04-20.16.44:577][  0]SourceControl: Info Source control is disabled
[2016.04.04-20.16.44:578][  0]LogFactory: FactoryCreateBinary: PackFactory with PackFactory (0 0 C:/Program Files/Unreal Engine/4.10/FeaturePacks/StarterContent.upack)
[2016.04.04-20.16.44:590][  0]LogPackFactory: Finished extracting 8 files (including 0 errors).
[2016.04.04-20.16.44:596][  0]LogPackFactory: Copied "../../../Samples/StarterContent/Content/StarterContent/Architecture/Floor_400x400.uasset" to "../../../../../../Users/cuche/Desktop/TIWAD/Content/StarterContent/Architecture/Floor_400x400.uasset"
[2016.04.04-20.16.44:601][  0]LogPackFactory: Copied "../../../Samples/StarterContent/Content/StarterContent/Architecture/Pillar_50x500.uasset" to "../../../../../../Users/cuche/Desktop/TIWAD/Content/StarterContent/Architecture/Pillar_50x500.uasset"
[2016.04.04-20.16.44:609][  0]LogPackFactory: Copied "../../../Samples/StarterContent/Content/StarterContent/Architecture/SM_AssetPlatform.uasset" to "../../../../../../Users/cuche/Desktop/TIWAD/Content/StarterContent/Architecture/SM_AssetPlatform.uasset"
[2016.04.04-20.16.44:614][  0]LogPackFactory: Copied "../../../Samples/StarterContent/Content/StarterContent/Architecture/Wall_400x200.uasset" to "../../../../../../Users/cuche/Desktop/TIWAD/Content/StarterContent/Architecture/Wall_400x200.uasset"
[2016.04.04-20.16.44:619][  0]LogPackFactory: Copied "../../../Samples/StarterContent/Content/StarterContent/Architecture/Wall_400x300.uasset" to "../../../../../../Users/cuche/Desktop/TIWAD/Content/StarterContent/Architecture/Wall_400x300.uasset"
[2016.04.04-20.16.44:625][  0]LogPackFactory: Copied "../../../Samples/StarterContent/Content/StarterContent/Architecture/Wall_400x400.uasset" to "../../../../../../Users/cuche/Desktop/TIWAD/Content/StarterContent/Architecture/Wall_400x400.uasset"
[2016.04.04-20.16.44:630][  0]LogPackFactory: Copied "../../../Samples/StarterContent/Content/StarterContent/Architecture/Wall_500x500.uasset" to "../../../../../../Users/cuche/Desktop/TIWAD/Content/StarterContent/Architecture/Wall_500x500.uasset"
[2016.04.04-20.16.44:636][  0]LogPackFactory: Copied "../../../Samples/StarterContent/Content/StarterContent/Architecture/Wall_Door_400x300.uasset" to "../../../../../../Users/cuche/Desktop/TIWAD/Content/StarterContent/Architecture/Wall_Door_400x300.uasset"
[2016.04.04-20.16.44:642][  0]LogPackFactory: Copied "../../../Samples/StarterContent/Content/StarterContent/Architecture/Wall_Door_400x400.uasset" to "../../../../../../Users/cuche/Desktop/TIWAD/Content/StarterContent/Architecture/Wall_Door_400x400.uasset"
[2016.04.04-20.16.44:648][  0]LogPackFactory: Copied "../../../Samples/StarterContent/Content/StarterContent/Architecture/Wall_Window_400x300.uasset" to "../../../../../../Users/cuche/Desktop/TIWAD/Content/StarterContent/Architecture/Wall_Window_400x300.uasset"
[2016.04.04-20.16.44:654][  0]LogPackFactory: Copied "../../../Samples/StarterContent/Content/StarterContent/Architecture/Wall_Window_400x400.uasset" to "../../../../../../Users/cuche/Desktop/TIWAD/Content/StarterContent/Architecture/Wall_Window_400x400.uasset"
[2016.04.04-20.16.44:661][  0]LogPackFactory: Copied "../../../Samples/StarterContent/Content/StarterContent/Audio/Collapse01.uasset" to "../../../../../../Users/cuche/Desktop/TIWAD/Content/StarterContent/Audio/Collapse01.uasset"
[2016.04.04-20.16.44:670][  0]LogPackFactory: Copied "../../../Samples/StarterContent/Content/StarterContent/Audio/Collapse02.uasset" to "../../../../../../Users/cuche/Desktop/TIWAD/Content/StarterContent/Audio/Collapse02.uasset"
[2016.04.04-20.16.44:673][  0]LogPackFactory: Copied "../../../Samples/StarterContent/Content/StarterContent/Audio/Collapse_Cue.uasset" to "../../../../../../Users/cuche/Desktop/TIWAD/Content/StarterContent/Audio/Collapse_Cue.uasset"
[2016.04.04-20.16.44:681][  0]LogPackFactory: Copied "../../../Samples/StarterContent/Content/StarterContent/Audio/Explosion01.uasset" to "../../../../../../Users/cuche/Desktop/TIWAD/Content/StarterContent/Audio/Explosion01.uasset"
[2016.04.04-20.16.44:687][  0]LogPackFactory: Copied "../../../Samples/StarterContent/Content/StarterContent/Audio/Explosion02.uasset" to "../../../../../../Users/cuche/Desktop/TIWAD/Content/StarterContent/Audio/Explosion02.uasset"
[2016.04.04-20.16.44:690][  0]LogPackFactory: Copied "../../../Samples/StarterContent/Content/StarterContent/Audio/Explosion_Cue.uasset" to "../../../../../../Users/cuche/Desktop/TIWAD/Content/StarterContent/Audio/Explosion_Cue.uasset"
[2016.04.04-20.16.44:699][  0]LogPackFactory: Copied "../../../Samples/StarterContent/Content/StarterContent/Audio/Fire01.uasset" to "../../../../../../Users/cuche/Desktop/TIWAD/Content/StarterContent/Audio/Fire01.uasset"
[2016.04.04-20.16.44:703][  0]LogPackFactory: Copied "../../../Samples/StarterContent/Content/StarterContent/Audio/Fire01_Cue.uasset" to "../../../../../../Users/cuche/Desktop/TIWAD/Content/StarterContent/Audio/Fire01_Cue.uasset"
[2016.04.04-20.16.44:712][  0]LogPackFactory: Copied "../../../Samples/StarterContent/Content/StarterContent/Audio/Fire_Sparks01.uasset" to "../../../../../../Users/cuche/Desktop/TIWAD/Content/StarterContent/Audio/Fire_Sparks01.uasset"
[2016.04.04-20.16.44:715][  0]LogPackFactory: Copied "../../../Samples/StarterContent/Content/StarterContent/Audio/Fire_Sparks01_Cue.uasset" to "../../../../../../Users/cuche/Desktop/TIWAD/Content/StarterContent/Audio/Fire_Sparks01_Cue.uasset"
[2016.04.04-20.16.44:723][  0]LogPackFactory: Copied "../../../Samples/StarterContent/Content/StarterContent/Audio/Light01.uasset" to "../../../../../../Users/cuche/Desktop/TIWAD/Content/StarterContent/Audio/Light01.uasset"
[2016.04.04-20.16.44:726][  0]LogPackFactory: Copied "../../../Samples/StarterContent/Content/StarterContent/Audio/Light01_Cue.uasset" to "../../../../../../Users/cuche/Desktop/TIWAD/Content/StarterContent/Audio/Light01_Cue.uasset"
[2016.04.04-20.16.44:732][  0]LogPackFactory: Copied "../../../Samples/StarterContent/Content/StarterContent/Audio/Light02.uasset" to "../../../../../../Users/cuche/Desktop/TIWAD/Content/StarterContent/Audio/Light02.uasset"
[2016.04.04-20.16.44:735][  0]LogPackFactory: Copied "../../../Samples/StarterContent/Content/StarterContent/Audio/Light02_Cue.uasset" to "../../../../../../Users/cuche/Desktop/TIWAD/Content/StarterContent/Audio/Light02_Cue.uasset"
[2016.04.04-20.16.44:744][  0]LogPackFactory: Copied "../../../Samples/StarterContent/Content/StarterContent/Audio/Smoke01.uasset" to "../../../../../../Users/cuche/Desktop/TIWAD/Content/StarterContent/Audio/Smoke01.uasset"
[2016.04.04-20.16.44:747][  0]LogPackFactory: Copied "../../../Samples/StarterContent/Content/StarterContent/Audio/Smoke01_Cue.uasset" to "../../../../../../Users/cuche/Desktop/TIWAD/Content/StarterContent/Audio/Smoke01_Cue.uasset"
[2016.04.04-20.16.44:752][  0]LogPackFactory: Copied "../../../Samples/StarterContent/Content/StarterContent/Audio/Starter_Background_Cue.uasset" to "../../../../../../Users/cuche/Desktop/TIWAD/Content/StarterContent/Audio/Starter_Background_Cue.uasset"
[2016.04.04-20.16.44:770][  0]LogPackFactory: Copied "../../../Samples/StarterContent/Content/StarterContent/Audio/Starter_Birds01.uasset" to "../../../../../../Users/cuche/Desktop/TIWAD/Content/StarterContent/Audio/Starter_Birds01.uasset"
[2016.04.04-20.16.44:811][  0]LogPackFactory: Copied "../../../Samples/StarterContent/Content/StarterContent/Audio/Starter_Music01.uasset" to "../../../../../../Users/cuche/Desktop/TIWAD/Content/StarterContent/Audio/Starter_Music01.uasset"
[2016.04.04-20.16.44:814][  0]LogPackFactory: Copied "../../../Samples/StarterContent/Content/StarterContent/Audio/Starter_Music_Cue.uasset" to "../../../../../../Users/cuche/Desktop/TIWAD/Content/StarterContent/Audio/Starter_Music_Cue.uasset"
[2016.04.04-20.16.44:830][  0]LogPackFactory: Copied "../../../Samples/StarterContent/Content/StarterContent/Audio/Starter_Wind05.uasset" to "../../../../../../Users/cuche/Desktop/TIWAD/Content/StarterContent/Audio/Starter_Wind05.uasset"
[2016.04.04-20.16.44:845][  0]LogPackFactory: Copied "../../../Samples/StarterContent/Content/StarterContent/Audio/Starter_Wind06.uasset" to "../../../../../../Users/cuche/Desktop/TIWAD/Content/StarterContent/Audio/Starter_Wind06.uasset"
[2016.04.04-20.16.44:856][  0]LogPackFactory: Copied "../../../Samples/StarterContent/Content/StarterContent/Audio/Steam01.uasset" to "../../../../../../Users/cuche/Desktop/TIWAD/Content/StarterContent/Audio/Steam01.uasset"
[2016.04.04-20.16.44:859][  0]LogPackFactory: Copied "../../../Samples/StarterContent/Content/StarterContent/Audio/Steam01_Cue.uasset" to "../../../../../../Users/cuche/Desktop/TIWAD/Content/StarterContent/Audio/Steam01_Cue.uasset"
[2016.04.04-20.16.44:865][  0]LogPackFactory: Copied "../../../Samples/StarterContent/Content/StarterContent/Blueprints/Blueprint_CeilingLight.uasset" to "../../../../../../Users/cuche/Desktop/TIWAD/Content/StarterContent/Blueprints/Blueprint_CeilingLight.uasset"
[2016.04.04-20.16.44:870][  0]LogPackFactory: Copied "../../../Samples/StarterContent/Content/StarterContent/Blueprints/Blueprint_Effect_Explosion.uasset" to "../../../../../../Users/cuche/Desktop/TIWAD/Content/StarterContent/Blueprints/Blueprint_Effect_Explosion.uasset"
[2016.04.04-20.16.44:876][  0]LogPackFactory: Copied "../../../Samples/StarterContent/Content/StarterContent/Blueprints/Blueprint_Effect_Fire.uasset" to "../../../../../../Users/cuche/Desktop/TIWAD/Content/StarterContent/Blueprints/Blueprint_Effect_Fire.uasset"
[2016.04.04-20.16.44:881][  0]LogPackFactory: Copied "../../../Samples/StarterContent/Content/StarterContent/Blueprints/Blueprint_Effect_Smoke.uasset" to "../../../../../../Users/cuche/Desktop/TIWAD/Content/StarterContent/Blueprints/Blueprint_Effect_Smoke.uasset"
[2016.04.04-20.16.44:886][  0]LogPackFactory: Copied "../../../Samples/StarterContent/Content/StarterContent/Blueprints/Blueprint_Effect_Sparks.uasset" to "../../../../../../Users/cuche/Desktop/TIWAD/Content/StarterContent/Blueprints/Blueprint_Effect_Sparks.uasset"
[2016.04.04-20.16.44:891][  0]LogPackFactory: Copied "../../../Samples/StarterContent/Content/StarterContent/Blueprints/Blueprint_Effect_Steam.uasset" to "../../../../../../Users/cuche/Desktop/TIWAD/Content/StarterContent/Blueprints/Blueprint_Effect_Steam.uasset"
[2016.04.04-20.16.44:897][  0]LogPackFactory: Copied "../../../Samples/StarterContent/Content/StarterContent/Blueprints/Blueprint_WallSconce.uasset" to "../../../../../../Users/cuche/Desktop/TIWAD/Content/StarterContent/Blueprints/Blueprint_WallSconce.uasset"
[2016.04.04-20.16.44:904][  0]LogPackFactory: Copied "../../../Samples/StarterContent/Content/StarterContent/Blueprints/BP_LightStudio.uasset" to "../../../../../../Users/cuche/Desktop/TIWAD/Content/StarterContent/Blueprints/BP_LightStudio.uasset"
[2016.04.04-20.16.44:906][  0]LogPackFactory: Copied "../../../Samples/StarterContent/Content/StarterContent/Blueprints/Assets/FogBrightnessLUT.uasset" to "../../../../../../Users/cuche/Desktop/TIWAD/Content/StarterContent/Blueprints/Assets/FogBrightnessLUT.uasset"
[2016.04.04-20.16.44:912][  0]LogPackFactory: Copied "../../../Samples/StarterContent/Content/StarterContent/Blueprints/Assets/M_LightStage_Arrows.uasset" to "../../../../../../Users/cuche/Desktop/TIWAD/Content/StarterContent/Blueprints/Assets/M_LightStage_Arrows.uasset"
[2016.04.04-20.16.44:918][  0]LogPackFactory: Copied "../../../Samples/StarterContent/Content/StarterContent/Blueprints/Assets/M_LightStage_Skybox_Black.uasset" to "../../../../../../Users/cuche/Desktop/TIWAD/Content/StarterContent/Blueprints/Assets/M_LightStage_Skybox_Black.uasset"
[2016.04.04-20.16.44:925][  0]LogPackFactory: Copied "../../../Samples/StarterContent/Content/StarterContent/Blueprints/Assets/M_LightStage_Skybox_HDRI.uasset" to "../../../../../../Users/cuche/Desktop/TIWAD/Content/StarterContent/Blueprints/Assets/M_LightStage_Skybox_HDRI.uasset"
[2016.04.04-20.16.44:930][  0]LogPackFactory: Copied "../../../Samples/StarterContent/Content/StarterContent/Blueprints/Assets/M_LightStage_Skybox_Master.uasset" to "../../../../../../Users/cuche/Desktop/TIWAD/Content/StarterContent/Blueprints/Assets/M_LightStage_Skybox_Master.uasset"
[2016.04.04-20.16.44:939][  0]LogPackFactory: Copied "../../../Samples/StarterContent/Content/StarterContent/Blueprints/Assets/Skybox.uasset" to "../../../../../../Users/cuche/Desktop/TIWAD/Content/StarterContent/Blueprints/Assets/Skybox.uasset"
[2016.04.04-20.16.44:947][  0]LogPackFactory: Copied "../../../Samples/StarterContent/Content/StarterContent/Blueprints/Assets/SM_Arrows.uasset" to "../../../../../../Users/cuche/Desktop/TIWAD/Content/StarterContent/Blueprints/Assets/SM_Arrows.uasset"
[2016.04.04-20.16.44:950][  0]LogPackFactory: Copied "../../../Samples/StarterContent/Content/StarterContent/Blueprints/Assets/SunlightColorLUT.uasset" to "../../../../../../Users/cuche/Desktop/TIWAD/Content/StarterContent/Blueprints/Assets/SunlightColorLUT.uasset"
[2016.04.04-20.16.45:156][  0]LogPackFactory: Copied "../../../Samples/StarterContent/Content/StarterContent/HDRI/HDRI_Epic_Courtyard_Daylight.uasset" to "../../../../../../Users/cuche/Desktop/TIWAD/Content/StarterContent/HDRI/HDRI_Epic_Courtyard_Daylight.uasset"
[2016.04.04-20.16.45:163][  0]LogPackFactory: Copied "../../../Samples/StarterContent/Content/StarterContent/Maps/Advanced_Lighting.umap" to "../../../../../../Users/cuche/Desktop/TIWAD/Content/StarterContent/Maps/Advanced_Lighting.umap"
[2016.04.04-20.16.45:175][  0]LogPackFactory: Copied "../../../Samples/StarterContent/Content/StarterContent/Maps/Minimal_Default.umap" to "../../../../../../Users/cuche/Desktop/TIWAD/Content/StarterContent/Maps/Minimal_Default.umap"
[2016.04.04-20.16.45:249][  0]LogPackFactory: Copied "../../../Samples/StarterContent/Content/StarterContent/Maps/StarterMap.umap" to "../../../../../../Users/cuche/Desktop/TIWAD/Content/StarterContent/Maps/StarterMap.umap"
[2016.04.04-20.16.45:255][  0]LogPackFactory: Copied "../../../Samples/StarterContent/Content/StarterContent/Materials/M_AssetPlatform.uasset" to "../../../../../../Users/cuche/Desktop/TIWAD/Content/StarterContent/Materials/M_AssetPlatform.uasset"
[2016.04.04-20.16.45:260][  0]LogPackFactory: Copied "../../../Samples/StarterContent/Content/StarterContent/Materials/M_Basic_Floor.uasset" to "../../../../../../Users/cuche/Desktop/TIWAD/Content/StarterContent/Materials/M_Basic_Floor.uasset"
[2016.04.04-20.16.45:267][  0]LogPackFactory: Copied "../../../Samples/StarterContent/Content/StarterContent/Materials/M_Basic_Wall.uasset" to "../../../../../../Users/cuche/Desktop/TIWAD/Content/StarterContent/Materials/M_Basic_Wall.uasset"
[2016.04.04-20.16.45:273][  0]LogPackFactory: Copied "../../../Samples/StarterContent/Content/StarterContent/Materials/M_Brick_Clay_Beveled.uasset" to "../../../../../../Users/cuche/Desktop/TIWAD/Content/StarterContent/Materials/M_Brick_Clay_Beveled.uasset"
[2016.04.04-20.16.45:279][  0]LogPackFactory: Copied "../../../Samples/StarterContent/Content/StarterContent/Materials/M_Brick_Clay_New.uasset" to "../../../../../../Users/cuche/Desktop/TIWAD/Content/StarterContent/Materials/M_Brick_Clay_New.uasset"
[2016.04.04-20.16.45:284][  0]LogPackFactory: Copied "../../../Samples/StarterContent/Content/StarterContent/Materials/M_Brick_Clay_Old.uasset" to "../../../../../../Users/cuche/Desktop/TIWAD/Content/StarterContent/Materials/M_Brick_Clay_Old.uasset"
[2016.04.04-20.16.45:290][  0]LogPackFactory: Copied "../../../Samples/StarterContent/Content/StarterContent/Materials/M_Brick_Cut_Stone.uasset" to "../../../../../../Users/cuche/Desktop/TIWAD/Content/StarterContent/Materials/M_Brick_Cut_Stone.uasset"
[2016.04.04-20.16.45:297][  0]LogPackFactory: Copied "../../../Samples/StarterContent/Content/StarterContent/Materials/M_Brick_Hewn_Stone.uasset" to "../../../../../../Users/cuche/Desktop/TIWAD/Content/StarterContent/Materials/M_Brick_Hewn_Stone.uasset"
[2016.04.04-20.16.45:303][  0]LogPackFactory: Copied "../../../Samples/StarterContent/Content/StarterContent/Materials/M_Ceramic_Tile_Checker.uasset" to "../../../../../../Users/cuche/Desktop/TIWAD/Content/StarterContent/Materials/M_Ceramic_Tile_Checker.uasset"
[2016.04.04-20.16.45:309][  0]LogPackFactory: Copied "../../../Samples/StarterContent/Content/StarterContent/Materials/M_CobbleStone_Pebble.uasset" to "../../../../../../Users/cuche/Desktop/TIWAD/Content/StarterContent/Materials/M_CobbleStone_Pebble.uasset"
[2016.04.04-20.16.45:317][  0]LogPackFactory: Copied "../../../Samples/StarterContent/Content/StarterContent/Materials/M_CobbleStone_Rough.uasset" to "../../../../../../Users/cuche/Desktop/TIWAD/Content/StarterContent/Materials/M_CobbleStone_Rough.uasset"
[2016.04.04-20.16.45:323][  0]LogPackFactory: Copied "../../../Samples/StarterContent/Content/StarterContent/Materials/M_CobbleStone_Smooth.uasset" to "../../../../../../Users/cuche/Desktop/TIWAD/Content/StarterContent/Materials/M_CobbleStone_Smooth.uasset"
[2016.04.04-20.16.45:329][  0]LogPackFactory: Copied "../../../Samples/StarterContent/Content/StarterContent/Materials/M_ColorGrid_LowSpec.uasset" to "../../../../../../Users/cuche/Desktop/TIWAD/Content/StarterContent/Materials/M_ColorGrid_LowSpec.uasset"
[2016.04.04-20.16.45:334][  0]LogPackFactory: Copied "../../../Samples/StarterContent/Content/StarterContent/Materials/M_Concrete_Grime.uasset" to "../../../../../../Users/cuche/Desktop/TIWAD/Content/StarterContent/Materials/M_Concrete_Grime.uasset"
[2016.04.04-20.16.45:340][  0]LogPackFactory: Copied "../../../Samples/StarterContent/Content/StarterContent/Materials/M_Concrete_Panels.uasset" to "../../../../../../Users/cuche/Desktop/TIWAD/Content/StarterContent/Materials/M_Concrete_Panels.uasset"
[2016.04.04-20.16.45:346][  0]LogPackFactory: Copied "../../../Samples/StarterContent/Content/StarterContent/Materials/M_Concrete_Poured.uasset" to "../../../../../../Users/cuche/Desktop/TIWAD/Content/StarterContent/Materials/M_Concrete_Poured.uasset"
[2016.04.04-20.16.45:354][  0]LogPackFactory: Copied "../../../Samples/StarterContent/Content/StarterContent/Materials/M_Concrete_Tiles.uasset" to "../../../../../../Users/cuche/Desktop/TIWAD/Content/StarterContent/Materials/M_Concrete_Tiles.uasset"
[2016.04.04-20.16.45:360][  0]LogPackFactory: Copied "../../../Samples/StarterContent/Content/StarterContent/Materials/M_Glass.uasset" to "../../../../../../Users/cuche/Desktop/TIWAD/Content/StarterContent/Materials/M_Glass.uasset"
[2016.04.04-20.16.45:367][  0]LogPackFactory: Copied "../../../Samples/StarterContent/Content/StarterContent/Materials/M_Ground_Grass.uasset" to "../../../../../../Users/cuche/Desktop/TIWAD/Content/StarterContent/Materials/M_Ground_Grass.uasset"
[2016.04.04-20.16.45:374][  0]LogPackFactory: Copied "../../../Samples/StarterContent/Content/StarterContent/Materials/M_Ground_Gravel.uasset" to "../../../../../../Users/cuche/Desktop/TIWAD/Content/StarterContent/Materials/M_Ground_Gravel.uasset"
[2016.04.04-20.16.45:380][  0]LogPackFactory: Copied "../../../Samples/StarterContent/Content/StarterContent/Materials/M_Ground_Moss.uasset" to "../../../../../../Users/cuche/Desktop/TIWAD/Content/StarterContent/Materials/M_Ground_Moss.uasset"
[2016.04.04-20.16.45:386][  0]LogPackFactory: Copied "../../../Samples/StarterContent/Content/StarterContent/Materials/M_Metal_Brushed_Nickel.uasset" to "../../../../../../Users/cuche/Desktop/TIWAD/Content/StarterContent/Materials/M_Metal_Brushed_Nickel.uasset"
[2016.04.04-20.16.45:392][  0]LogPackFactory: Copied "../../../Samples/StarterContent/Content/StarterContent/Materials/M_Metal_Burnished_Steel.uasset" to "../../../../../../Users/cuche/Desktop/TIWAD/Content/StarterContent/Materials/M_Metal_Burnished_Steel.uasset"
[2016.04.04-20.16.45:398][  0]LogPackFactory: Copied "../../../Samples/StarterContent/Content/StarterContent/Materials/M_Metal_Chrome.uasset" to "../../../../../../Users/cuche/Desktop/TIWAD/Content/StarterContent/Materials/M_Metal_Chrome.uasset"
[2016.04.04-20.16.45:403][  0]LogPackFactory: Copied "../../../Samples/StarterContent/Content/StarterContent/Materials/M_Metal_Copper.uasset" to "../../../../../../Users/cuche/Desktop/TIWAD/Content/StarterContent/Materials/M_Metal_Copper.uasset"
[2016.04.04-20.16.45:410][  0]LogPackFactory: Copied "../../../Samples/StarterContent/Content/StarterContent/Materials/M_Metal_Gold.uasset" to "../../../../../../Users/cuche/Desktop/TIWAD/Content/StarterContent/Materials/M_Metal_Gold.uasset"
[2016.04.04-20.16.45:416][  0]LogPackFactory: Copied "../../../Samples/StarterContent/Content/StarterContent/Materials/M_Metal_Rust.uasset" to "../../../../../../Users/cuche/Desktop/TIWAD/Content/StarterContent/Materials/M_Metal_Rust.uasset"
[2016.04.04-20.16.45:422][  0]LogPackFactory: Copied "../../../Samples/StarterContent/Content/StarterContent/Materials/M_Metal_Steel.uasset" to "../../../../../../Users/cuche/Desktop/TIWAD/Content/StarterContent/Materials/M_Metal_Steel.uasset"
[2016.04.04-20.16.45:428][  0]LogPackFactory: Copied "../../../Samples/StarterContent/Content/StarterContent/Materials/M_Rock_Basalt.uasset" to "../../../../../../Users/cuche/Desktop/TIWAD/Content/StarterContent/Materials/M_Rock_Basalt.uasset"
[2016.04.04-20.16.45:434][  0]LogPackFactory: Copied "../../../Samples/StarterContent/Content/StarterContent/Materials/M_Rock_Marble_Polished.uasset" to "../../../../../../Users/cuche/Desktop/TIWAD/Content/StarterContent/Materials/M_Rock_Marble_Polished.uasset"
[2016.04.04-20.16.45:440][  0]LogPackFactory: Copied "../../../Samples/StarterContent/Content/StarterContent/Materials/M_Rock_Sandstone.uasset" to "../../../../../../Users/cuche/Desktop/TIWAD/Content/StarterContent/Materials/M_Rock_Sandstone.uasset"
[2016.04.04-20.16.45:446][  0]LogPackFactory: Copied "../../../Samples/StarterContent/Content/StarterContent/Materials/M_Rock_Slate.uasset" to "../../../../../../Users/cuche/Desktop/TIWAD/Content/StarterContent/Materials/M_Rock_Slate.uasset"
[2016.04.04-20.16.45:453][  0]LogPackFactory: Copied "../../../Samples/StarterContent/Content/StarterContent/Materials/M_Tech_Checker_Dot.uasset" to "../../../../../../Users/cuche/Desktop/TIWAD/Content/StarterContent/Materials/M_Tech_Checker_Dot.uasset"
[2016.04.04-20.16.45:462][  0]LogPackFactory: Copied "../../../Samples/StarterContent/Content/StarterContent/Materials/M_Tech_Hex_Tile.uasset" to "../../../../../../Users/cuche/Desktop/TIWAD/Content/StarterContent/Materials/M_Tech_Hex_Tile.uasset"
[2016.04.04-20.16.45:469][  0]LogPackFactory: Copied "../../../Samples/StarterContent/Content/StarterContent/Materials/M_Tech_Hex_Tile_Pulse.uasset" to "../../../../../../Users/cuche/Desktop/TIWAD/Content/StarterContent/Materials/M_Tech_Hex_Tile_Pulse.uasset"
[2016.04.04-20.16.45:484][  0]LogPackFactory: Copied "../../../Samples/StarterContent/Content/StarterContent/Materials/M_Tech_Panel.uasset" to "../../../../../../Users/cuche/Desktop/TIWAD/Content/StarterContent/Materials/M_Tech_Panel.uasset"
[2016.04.04-20.16.45:490][  0]LogPackFactory: Copied "../../../Samples/StarterContent/Content/StarterContent/Materials/M_Water_Lake.uasset" to "../../../../../../Users/cuche/Desktop/TIWAD/Content/StarterContent/Materials/M_Water_Lake.uasset"
[2016.04.04-20.16.45:496][  0]LogPackFactory: Copied "../../../Samples/StarterContent/Content/StarterContent/Materials/M_Water_Ocean.uasset" to "../../../../../../Users/cuche/Desktop/TIWAD/Content/StarterContent/Materials/M_Water_Ocean.uasset"
[2016.04.04-20.16.45:502][  0]LogPackFactory: Copied "../../../Samples/StarterContent/Content/StarterContent/Materials/M_Wood_Floor_Walnut_Polished.uasset" to "../../../../../../Users/cuche/Desktop/TIWAD/Content/StarterContent/Materials/M_Wood_Floor_Walnut_Polished.uasset"
[2016.04.04-20.16.45:510][  0]LogPackFactory: Copied "../../../Samples/StarterContent/Content/StarterContent/Materials/M_Wood_Floor_Walnut_Worn.uasset" to "../../../../../../Users/cuche/Desktop/TIWAD/Content/StarterContent/Materials/M_Wood_Floor_Walnut_Worn.uasset"
[2016.04.04-20.16.45:516][  0]LogPackFactory: Copied "../../../Samples/StarterContent/Content/StarterContent/Materials/M_Wood_Oak.uasset" to "../../../../../../Users/cuche/Desktop/TIWAD/Content/StarterContent/Materials/M_Wood_Oak.uasset"
[2016.04.04-20.16.45:522][  0]LogPackFactory: Copied "../../../Samples/StarterContent/Content/StarterContent/Materials/M_Wood_Pine.uasset" to "../../../../../../Users/cuche/Desktop/TIWAD/Content/StarterContent/Materials/M_Wood_Pine.uasset"
[2016.04.04-20.16.45:528][  0]LogPackFactory: Copied "../../../Samples/StarterContent/Content/StarterContent/Materials/M_Wood_Walnut.uasset" to "../../../../../../Users/cuche/Desktop/TIWAD/Content/StarterContent/Materials/M_Wood_Walnut.uasset"
[2016.04.04-20.16.45:534][  0]LogPackFactory: Copied "../../../Samples/StarterContent/Content/StarterContent/Particles/P_Ambient_Dust.uasset" to "../../../../../../Users/cuche/Desktop/TIWAD/Content/StarterContent/Particles/P_Ambient_Dust.uasset"
[2016.04.04-20.16.45:541][  0]LogPackFactory: Copied "../../../Samples/StarterContent/Content/StarterContent/Particles/P_Explosion.uasset" to "../../../../../../Users/cuche/Desktop/TIWAD/Content/StarterContent/Particles/P_Explosion.uasset"
[2016.04.04-20.16.45:549][  0]LogPackFactory: Copied "../../../Samples/StarterContent/Content/StarterContent/Particles/P_Fire.uasset" to "../../../../../../Users/cuche/Desktop/TIWAD/Content/StarterContent/Particles/P_Fire.uasset"
[2016.04.04-20.16.45:555][  0]LogPackFactory: Copied "../../../Samples/StarterContent/Content/StarterContent/Particles/P_Smoke.uasset" to "../../../../../../Users/cuche/Desktop/TIWAD/Content/StarterContent/Particles/P_Smoke.uasset"
[2016.04.04-20.16.45:562][  0]LogPackFactory: Copied "../../../Samples/StarterContent/Content/StarterContent/Particles/P_Sparks.uasset" to "../../../../../../Users/cuche/Desktop/TIWAD/Content/StarterContent/Particles/P_Sparks.uasset"
[2016.04.04-20.16.45:573][  0]LogPackFactory: Copied "../../../Samples/StarterContent/Content/StarterContent/Particles/P_Steam_Lit.uasset" to "../../../../../../Users/cuche/Desktop/TIWAD/Content/StarterContent/Particles/P_Steam_Lit.uasset"
[2016.04.04-20.16.45:579][  0]LogPackFactory: Copied "../../../Samples/StarterContent/Content/StarterContent/Particles/Materials/M_Burst.uasset" to "../../../../../../Users/cuche/Desktop/TIWAD/Content/StarterContent/Particles/Materials/M_Burst.uasset"
[2016.04.04-20.16.45:584][  0]LogPackFactory: Copied "../../../Samples/StarterContent/Content/StarterContent/Particles/Materials/M_Dust_Particle.uasset" to "../../../../../../Users/cuche/Desktop/TIWAD/Content/StarterContent/Particles/Materials/M_Dust_Particle.uasset"
[2016.04.04-20.16.45:591][  0]LogPackFactory: Copied "../../../Samples/StarterContent/Content/StarterContent/Particles/Materials/M_explosion_subUV.uasset" to "../../../../../../Users/cuche/Desktop/TIWAD/Content/StarterContent/Particles/Materials/M_explosion_subUV.uasset"
[2016.04.04-20.16.45:596][  0]LogPackFactory: Copied "../../../Samples/StarterContent/Content/StarterContent/Particles/Materials/M_Fire_SubUV.uasset" to "../../../../../../Users/cuche/Desktop/TIWAD/Content/StarterContent/Particles/Materials/M_Fire_SubUV.uasset"
[2016.04.04-20.16.45:601][  0]LogPackFactory: Copied "../../../Samples/StarterContent/Content/StarterContent/Particles/Materials/m_flare_01.uasset" to "../../../../../../Users/cuche/Desktop/TIWAD/Content/StarterContent/Particles/Materials/m_flare_01.uasset"
[2016.04.04-20.16.45:606][  0]LogPackFactory: Copied "../../../Samples/StarterContent/Content/StarterContent/Particles/Materials/M_Heat_Distortion.uasset" to "../../../../../../Users/cuche/Desktop/TIWAD/Content/StarterContent/Particles/Materials/M_Heat_Distortion.uasset"
[2016.04.04-20.16.45:612][  0]LogPackFactory: Copied "../../../Samples/StarterContent/Content/StarterContent/Particles/Materials/M_Radial_Gradient.uasset" to "../../../../../../Users/cuche/Desktop/TIWAD/Content/StarterContent/Particles/Materials/M_Radial_Gradient.uasset"
[2016.04.04-20.16.45:617][  0]LogPackFactory: Copied "../../../Samples/StarterContent/Content/StarterContent/Particles/Materials/M_radial_ramp.uasset" to "../../../../../../Users/cuche/Desktop/TIWAD/Content/StarterContent/Particles/Materials/M_radial_ramp.uasset"
[2016.04.04-20.16.45:623][  0]LogPackFactory: Copied "../../../Samples/StarterContent/Content/StarterContent/Particles/Materials/M_smoke_subUV.uasset" to "../../../../../../Users/cuche/Desktop/TIWAD/Content/StarterContent/Particles/Materials/M_smoke_subUV.uasset"
[2016.04.04-20.16.45:628][  0]LogPackFactory: Copied "../../../Samples/StarterContent/Content/StarterContent/Particles/Materials/M_Spark.uasset" to "../../../../../../Users/cuche/Desktop/TIWAD/Content/StarterContent/Particles/Materials/M_Spark.uasset"
[2016.04.04-20.16.45:635][  0]LogPackFactory: Copied "../../../Samples/StarterContent/Content/StarterContent/Props/MaterialSphere.uasset" to "../../../../../../Users/cuche/Desktop/TIWAD/Content/StarterContent/Props/MaterialSphere.uasset"
[2016.04.04-20.16.45:642][  0]LogPackFactory: Copied "../../../Samples/StarterContent/Content/StarterContent/Props/SM_Bush.uasset" to "../../../../../../Users/cuche/Desktop/TIWAD/Content/StarterContent/Props/SM_Bush.uasset"
[2016.04.04-20.16.45:650][  0]LogPackFactory: Copied "../../../Samples/StarterContent/Content/StarterContent/Props/SM_Chair.uasset" to "../../../../../../Users/cuche/Desktop/TIWAD/Content/StarterContent/Props/SM_Chair.uasset"
[2016.04.04-20.16.45:656][  0]LogPackFactory: Copied "../../../Samples/StarterContent/Content/StarterContent/Props/SM_CornerFrame.uasset" to "../../../../../../Users/cuche/Desktop/TIWAD/Content/StarterContent/Props/SM_CornerFrame.uasset"
[2016.04.04-20.16.45:663][  0]LogPackFactory: Copied "../../../Samples/StarterContent/Content/StarterContent/Props/SM_Couch.uasset" to "../../../../../../Users/cuche/Desktop/TIWAD/Content/StarterContent/Props/SM_Couch.uasset"
[2016.04.04-20.16.45:670][  0]LogPackFactory: Copied "../../../Samples/StarterContent/Content/StarterContent/Props/SM_Door.uasset" to "../../../../../../Users/cuche/Desktop/TIWAD/Content/StarterContent/Props/SM_Door.uasset"
[2016.04.04-20.16.45:676][  0]LogPackFactory: Copied "../../../Samples/StarterContent/Content/StarterContent/Props/SM_DoorFrame.uasset" to "../../../../../../Users/cuche/Desktop/TIWAD/Content/StarterContent/Props/SM_DoorFrame.uasset"
[2016.04.04-20.16.45:682][  0]LogPackFactory: Copied "../../../Samples/StarterContent/Content/StarterContent/Props/SM_GlassWindow.uasset" to "../../../../../../Users/cuche/Desktop/TIWAD/Content/StarterContent/Props/SM_GlassWindow.uasset"
[2016.04.04-20.16.45:689][  0]LogPackFactory: Copied "../../../Samples/StarterContent/Content/StarterContent/Props/SM_Lamp_Ceiling.uasset" to "../../../../../../Users/cuche/Desktop/TIWAD/Content/StarterContent/Props/SM_Lamp_Ceiling.uasset"
[2016.04.04-20.16.45:696][  0]LogPackFactory: Copied "../../../Samples/StarterContent/Content/StarterContent/Props/SM_Lamp_Wall.uasset" to "../../../../../../Users/cuche/Desktop/TIWAD/Content/StarterContent/Props/SM_Lamp_Wall.uasset"
[2016.04.04-20.16.45:712][  0]LogPackFactory: Copied "../../../Samples/StarterContent/Content/StarterContent/Props/SM_MatPreviewMesh_02.uasset" to "../../../../../../Users/cuche/Desktop/TIWAD/Content/StarterContent/Props/SM_MatPreviewMesh_02.uasset"
[2016.04.04-20.16.45:719][  0]LogPackFactory: Copied "../../../Samples/StarterContent/Content/StarterContent/Props/SM_PillarFrame.uasset" to "../../../../../../Users/cuche/Desktop/TIWAD/Content/StarterContent/Props/SM_PillarFrame.uasset"
[2016.04.04-20.16.45:725][  0]LogPackFactory: Copied "../../../Samples/StarterContent/Content/StarterContent/Props/SM_PillarFrame300.uasset" to "../../../../../../Users/cuche/Desktop/TIWAD/Content/StarterContent/Props/SM_PillarFrame300.uasset"
[2016.04.04-20.16.45:732][  0]LogPackFactory: Copied "../../../Samples/StarterContent/Content/StarterContent/Props/SM_Rock.uasset" to "../../../../../../Users/cuche/Desktop/TIWAD/Content/StarterContent/Props/SM_Rock.uasset"
[2016.04.04-20.16.45:739][  0]LogPackFactory: Copied "../../../Samples/StarterContent/Content/StarterContent/Props/SM_Shelf.uasset" to "../../../../../../Users/cuche/Desktop/TIWAD/Content/StarterContent/Props/SM_Shelf.uasset"
[2016.04.04-20.16.45:766][  0]LogPackFactory: Copied "../../../Samples/StarterContent/Content/StarterContent/Props/SM_Stairs.uasset" to "../../../../../../Users/cuche/Desktop/TIWAD/Content/StarterContent/Props/SM_Stairs.uasset"
[2016.04.04-20.16.45:940][  0]LogPackFactory: Copied "../../../Samples/StarterContent/Content/StarterContent/Props/SM_Statue.uasset" to "../../../../../../Users/cuche/Desktop/TIWAD/Content/StarterContent/Props/SM_Statue.uasset"
[2016.04.04-20.16.46:046][  0]LogPackFactory: Copied "../../../Samples/StarterContent/Content/StarterContent/Props/SM_TableRound.uasset" to "../../../../../../Users/cuche/Desktop/TIWAD/Content/StarterContent/Props/SM_TableRound.uasset"
[2016.04.04-20.16.46:052][  0]LogPackFactory: Copied "../../../Samples/StarterContent/Content/StarterContent/Props/SM_WindowFrame.uasset" to "../../../../../../Users/cuche/Desktop/TIWAD/Content/StarterContent/Props/SM_WindowFrame.uasset"
[2016.04.04-20.16.46:058][  0]LogPackFactory: Copied "../../../Samples/StarterContent/Content/StarterContent/Props/Materials/M_Bush.uasset" to "../../../../../../Users/cuche/Desktop/TIWAD/Content/StarterContent/Props/Materials/M_Bush.uasset"
[2016.04.04-20.16.46:064][  0]LogPackFactory: Copied "../../../Samples/StarterContent/Content/StarterContent/Props/Materials/M_Chair.uasset" to "../../../../../../Users/cuche/Desktop/TIWAD/Content/StarterContent/Props/Materials/M_Chair.uasset"
[2016.04.04-20.16.46:070][  0]LogPackFactory: Copied "../../../Samples/StarterContent/Content/StarterContent/Props/Materials/M_Door.uasset" to "../../../../../../Users/cuche/Desktop/TIWAD/Content/StarterContent/Props/Materials/M_Door.uasset"
[2016.04.04-20.16.46:076][  0]LogPackFactory: Copied "../../../Samples/StarterContent/Content/StarterContent/Props/Materials/M_Frame.uasset" to "../../../../../../Users/cuche/Desktop/TIWAD/Content/StarterContent/Props/Materials/M_Frame.uasset"
[2016.04.04-20.16.46:081][  0]LogPackFactory: Copied "../../../Samples/StarterContent/Content/StarterContent/Props/Materials/M_Lamp.uasset" to "../../../../../../Users/cuche/Desktop/TIWAD/Content/StarterContent/Props/Materials/M_Lamp.uasset"
[2016.04.04-20.16.46:087][  0]LogPackFactory: Copied "../../../Samples/StarterContent/Content/StarterContent/Props/Materials/M_MaterialSphere.uasset" to "../../../../../../Users/cuche/Desktop/TIWAD/Content/StarterContent/Props/Materials/M_MaterialSphere.uasset"
[2016.04.04-20.16.46:093][  0]LogPackFactory: Copied "../../../Samples/StarterContent/Content/StarterContent/Props/Materials/M_MaterialSphere_Plain.uasset" to "../../../../../../Users/cuche/Desktop/TIWAD/Content/StarterContent/Props/Materials/M_MaterialSphere_Plain.uasset"
[2016.04.04-20.16.46:099][  0]LogPackFactory: Copied "../../../Samples/StarterContent/Content/StarterContent/Props/Materials/M_Rock.uasset" to "../../../../../../Users/cuche/Desktop/TIWAD/Content/StarterContent/Props/Materials/M_Rock.uasset"
[2016.04.04-20.16.46:105][  0]LogPackFactory: Copied "../../../Samples/StarterContent/Content/StarterContent/Props/Materials/M_Shelf.uasset" to "../../../../../../Users/cuche/Desktop/TIWAD/Content/StarterContent/Props/Materials/M_Shelf.uasset"
[2016.04.04-20.16.46:111][  0]LogPackFactory: Copied "../../../Samples/StarterContent/Content/StarterContent/Props/Materials/M_Statue.uasset" to "../../../../../../Users/cuche/Desktop/TIWAD/Content/StarterContent/Props/Materials/M_Statue.uasset"
[2016.04.04-20.16.46:123][  0]LogPackFactory: Copied "../../../Samples/StarterContent/Content/StarterContent/Props/Materials/M_StatueGlass.uasset" to "../../../../../../Users/cuche/Desktop/TIWAD/Content/StarterContent/Props/Materials/M_StatueGlass.uasset"
[2016.04.04-20.16.46:129][  0]LogPackFactory: Copied "../../../Samples/StarterContent/Content/StarterContent/Props/Materials/M_TableRound.uasset" to "../../../../../../Users/cuche/Desktop/TIWAD/Content/StarterContent/Props/Materials/M_TableRound.uasset"
[2016.04.04-20.16.46:135][  0]LogPackFactory: Copied "../../../Samples/StarterContent/Content/StarterContent/Shapes/Shape_Cone.uasset" to "../../../../../../Users/cuche/Desktop/TIWAD/Content/StarterContent/Shapes/Shape_Cone.uasset"
[2016.04.04-20.16.46:140][  0]LogPackFactory: Copied "../../../Samples/StarterContent/Content/StarterContent/Shapes/Shape_Cube.uasset" to "../../../../../../Users/cuche/Desktop/TIWAD/Content/StarterContent/Shapes/Shape_Cube.uasset"
[2016.04.04-20.16.46:146][  0]LogPackFactory: Copied "../../../Samples/StarterContent/Content/StarterContent/Shapes/Shape_Cylinder.uasset" to "../../../../../../Users/cuche/Desktop/TIWAD/Content/StarterContent/Shapes/Shape_Cylinder.uasset"
[2016.04.04-20.16.46:154][  0]LogPackFactory: Copied "../../../Samples/StarterContent/Content/StarterContent/Shapes/Shape_NarrowCapsule.uasset" to "../../../../../../Users/cuche/Desktop/TIWAD/Content/StarterContent/Shapes/Shape_NarrowCapsule.uasset"
[2016.04.04-20.16.46:160][  0]LogPackFactory: Copied "../../../Samples/StarterContent/Content/StarterContent/Shapes/Shape_Pipe.uasset" to "../../../../../../Users/cuche/Desktop/TIWAD/Content/StarterContent/Shapes/Shape_Pipe.uasset"
[2016.04.04-20.16.46:167][  0]LogPackFactory: Copied "../../../Samples/StarterContent/Content/StarterContent/Shapes/Shape_Pipe_180.uasset" to "../../../../../../Users/cuche/Desktop/TIWAD/Content/StarterContent/Shapes/Shape_Pipe_180.uasset"
[2016.04.04-20.16.46:173][  0]LogPackFactory: Copied "../../../Samples/StarterContent/Content/StarterContent/Shapes/Shape_Pipe_90.uasset" to "../../../../../../Users/cuche/Desktop/TIWAD/Content/StarterContent/Shapes/Shape_Pipe_90.uasset"
[2016.04.04-20.16.46:178][  0]LogPackFactory: Copied "../../../Samples/StarterContent/Content/StarterContent/Shapes/Shape_Plane.uasset" to "../../../../../../Users/cuche/Desktop/TIWAD/Content/StarterContent/Shapes/Shape_Plane.uasset"
[2016.04.04-20.16.46:184][  0]LogPackFactory: Copied "../../../Samples/StarterContent/Content/StarterContent/Shapes/Shape_QuadPyramid.uasset" to "../../../../../../Users/cuche/Desktop/TIWAD/Content/StarterContent/Shapes/Shape_QuadPyramid.uasset"
[2016.04.04-20.16.46:191][  0]LogPackFactory: Copied "../../../Samples/StarterContent/Content/StarterContent/Shapes/Shape_Sphere.uasset" to "../../../../../../Users/cuche/Desktop/TIWAD/Content/StarterContent/Shapes/Shape_Sphere.uasset"
[2016.04.04-20.16.46:199][  0]LogPackFactory: Copied "../../../Samples/StarterContent/Content/StarterContent/Shapes/Shape_Torus.uasset" to "../../../../../../Users/cuche/Desktop/TIWAD/Content/StarterContent/Shapes/Shape_Torus.uasset"
[2016.04.04-20.16.46:205][  0]LogPackFactory: Copied "../../../Samples/StarterContent/Content/StarterContent/Shapes/Shape_Trim.uasset" to "../../../../../../Users/cuche/Desktop/TIWAD/Content/StarterContent/Shapes/Shape_Trim.uasset"
[2016.04.04-20.16.46:211][  0]LogPackFactory: Copied "../../../Samples/StarterContent/Content/StarterContent/Shapes/Shape_Trim_90_In.uasset" to "../../../../../../Users/cuche/Desktop/TIWAD/Content/StarterContent/Shapes/Shape_Trim_90_In.uasset"
[2016.04.04-20.16.46:217][  0]LogPackFactory: Copied "../../../Samples/StarterContent/Content/StarterContent/Shapes/Shape_Trim_90_Out.uasset" to "../../../../../../Users/cuche/Desktop/TIWAD/Content/StarterContent/Shapes/Shape_Trim_90_Out.uasset"
[2016.04.04-20.16.46:222][  0]LogPackFactory: Copied "../../../Samples/StarterContent/Content/StarterContent/Shapes/Shape_TriPyramid.uasset" to "../../../../../../Users/cuche/Desktop/TIWAD/Content/StarterContent/Shapes/Shape_TriPyramid.uasset"
[2016.04.04-20.16.46:229][  0]LogPackFactory: Copied "../../../Samples/StarterContent/Content/StarterContent/Shapes/Shape_Tube.uasset" to "../../../../../../Users/cuche/Desktop/TIWAD/Content/StarterContent/Shapes/Shape_Tube.uasset"
[2016.04.04-20.16.46:235][  0]LogPackFactory: Copied "../../../Samples/StarterContent/Content/StarterContent/Shapes/Shape_Wedge_A.uasset" to "../../../../../../Users/cuche/Desktop/TIWAD/Content/StarterContent/Shapes/Shape_Wedge_A.uasset"
[2016.04.04-20.16.46:240][  0]LogPackFactory: Copied "../../../Samples/StarterContent/Content/StarterContent/Shapes/Shape_Wedge_B.uasset" to "../../../../../../Users/cuche/Desktop/TIWAD/Content/StarterContent/Shapes/Shape_Wedge_B.uasset"
[2016.04.04-20.16.46:247][  0]LogPackFactory: Copied "../../../Samples/StarterContent/Content/StarterContent/Shapes/Shape_WideCapsule.uasset" to "../../../../../../Users/cuche/Desktop/TIWAD/Content/StarterContent/Shapes/Shape_WideCapsule.uasset"
[2016.04.04-20.16.46:288][  0]LogPackFactory: Copied "../../../Samples/StarterContent/Content/StarterContent/Textures/T_Brick_Clay_Beveled_D.uasset" to "../../../../../../Users/cuche/Desktop/TIWAD/Content/StarterContent/Textures/T_Brick_Clay_Beveled_D.uasset"
[2016.04.04-20.16.46:334][  0]LogPackFactory: Copied "../../../Samples/StarterContent/Content/StarterContent/Textures/T_Brick_Clay_Beveled_M.uasset" to "../../../../../../Users/cuche/Desktop/TIWAD/Content/StarterContent/Textures/T_Brick_Clay_Beveled_M.uasset"
[2016.04.04-20.16.46:438][  0]LogPackFactory: Copied "../../../Samples/StarterContent/Content/StarterContent/Textures/T_Brick_Clay_Beveled_N.uasset" to "../../../../../../Users/cuche/Desktop/TIWAD/Content/StarterContent/Textures/T_Brick_Clay_Beveled_N.uasset"
[2016.04.04-20.16.46:500][  0]LogPackFactory: Copied "../../../Samples/StarterContent/Content/StarterContent/Textures/T_Brick_Clay_New_D.uasset" to "../../../../../../Users/cuche/Desktop/TIWAD/Content/StarterContent/Textures/T_Brick_Clay_New_D.uasset"
[2016.04.04-20.16.46:548][  0]LogPackFactory: Copied "../../../Samples/StarterContent/Content/StarterContent/Textures/T_Brick_Clay_New_M.uasset" to "../../../../../../Users/cuche/Desktop/TIWAD/Content/StarterContent/Textures/T_Brick_Clay_New_M.uasset"
[2016.04.04-20.16.46:598][  0]LogPackFactory: Copied "../../../Samples/StarterContent/Content/StarterContent/Textures/T_Brick_Clay_New_N.uasset" to "../../../../../../Users/cuche/Desktop/TIWAD/Content/StarterContent/Textures/T_Brick_Clay_New_N.uasset"
[2016.04.04-20.16.46:653][  0]LogPackFactory: Copied "../../../Samples/StarterContent/Content/StarterContent/Textures/T_Brick_Clay_Old_D.uasset" to "../../../../../../Users/cuche/Desktop/TIWAD/Content/StarterContent/Textures/T_Brick_Clay_Old_D.uasset"
[2016.04.04-20.16.46:692][  0]LogPackFactory: Copied "../../../Samples/StarterContent/Content/StarterContent/Textures/T_Brick_Clay_Old_N.uasset" to "../../../../../../Users/cuche/Desktop/TIWAD/Content/StarterContent/Textures/T_Brick_Clay_Old_N.uasset"
[2016.04.04-20.16.46:756][  0]LogPackFactory: Copied "../../../Samples/StarterContent/Content/StarterContent/Textures/T_Brick_Cut_Stone_D.uasset" to "../../../../../../Users/cuche/Desktop/TIWAD/Content/StarterContent/Textures/T_Brick_Cut_Stone_D.uasset"
[2016.04.04-20.16.46:792][  0]LogPackFactory: Copied "../../../Samples/StarterContent/Content/StarterContent/Textures/T_Brick_Cut_Stone_N.uasset" to "../../../../../../Users/cuche/Desktop/TIWAD/Content/StarterContent/Textures/T_Brick_Cut_Stone_N.uasset"
[2016.04.04-20.16.46:831][  0]LogPackFactory: Copied "../../../Samples/StarterContent/Content/StarterContent/Textures/T_Brick_Hewn_Stone_D.uasset" to "../../../../../../Users/cuche/Desktop/TIWAD/Content/StarterContent/Textures/T_Brick_Hewn_Stone_D.uasset"
[2016.04.04-20.16.46:869][  0]LogPackFactory: Copied "../../../Samples/StarterContent/Content/StarterContent/Textures/T_Brick_Hewn_Stone_M.uasset" to "../../../../../../Users/cuche/Desktop/TIWAD/Content/StarterContent/Textures/T_Brick_Hewn_Stone_M.uasset"
[2016.04.04-20.16.46:915][  0]LogPackFactory: Copied "../../../Samples/StarterContent/Content/StarterContent/Textures/T_Brick_Hewn_Stone_N.uasset" to "../../../../../../Users/cuche/Desktop/TIWAD/Content/StarterContent/Textures/T_Brick_Hewn_Stone_N.uasset"
[2016.04.04-20.16.46:923][  0]LogPackFactory: Copied "../../../Samples/StarterContent/Content/StarterContent/Textures/T_Burst_M.uasset" to "../../../../../../Users/cuche/Desktop/TIWAD/Content/StarterContent/Textures/T_Burst_M.uasset"
[2016.04.04-20.16.46:931][  0]LogPackFactory: Copied "../../../Samples/StarterContent/Content/StarterContent/Textures/T_Bush_D.uasset" to "../../../../../../Users/cuche/Desktop/TIWAD/Content/StarterContent/Textures/T_Bush_D.uasset"
[2016.04.04-20.16.46:939][  0]LogPackFactory: Copied "../../../Samples/StarterContent/Content/StarterContent/Textures/T_Bush_N.uasset" to "../../../../../../Users/cuche/Desktop/TIWAD/Content/StarterContent/Textures/T_Bush_N.uasset"
[2016.04.04-20.16.46:947][  0]LogPackFactory: Copied "../../../Samples/StarterContent/Content/StarterContent/Textures/T_Ceramic_Tile_M.uasset" to "../../../../../../Users/cuche/Desktop/TIWAD/Content/StarterContent/Textures/T_Ceramic_Tile_M.uasset"
[2016.04.04-20.16.46:955][  0]LogPackFactory: Copied "../../../Samples/StarterContent/Content/StarterContent/Textures/T_Ceramic_Tile_N.uasset" to "../../../../../../Users/cuche/Desktop/TIWAD/Content/StarterContent/Textures/T_Ceramic_Tile_N.uasset"
[2016.04.04-20.16.46:964][  0]LogPackFactory: Copied "../../../Samples/StarterContent/Content/StarterContent/Textures/T_Chair_M.uasset" to "../../../../../../Users/cuche/Desktop/TIWAD/Content/StarterContent/Textures/T_Chair_M.uasset"
[2016.04.04-20.16.46:979][  0]LogPackFactory: Copied "../../../Samples/StarterContent/Content/StarterContent/Textures/T_Chair_N.uasset" to "../../../../../../Users/cuche/Desktop/TIWAD/Content/StarterContent/Textures/T_Chair_N.uasset"
[2016.04.04-20.16.46:985][  0]LogPackFactory: Copied "../../../Samples/StarterContent/Content/StarterContent/Textures/T_Checker_Noise_M.uasset" to "../../../../../../Users/cuche/Desktop/TIWAD/Content/StarterContent/Textures/T_Checker_Noise_M.uasset"
[2016.04.04-20.16.47:043][  0]LogPackFactory: Copied "../../../Samples/StarterContent/Content/StarterContent/Textures/T_CobbleStone_Pebble_D.uasset" to "../../../../../../Users/cuche/Desktop/TIWAD/Content/StarterContent/Textures/T_CobbleStone_Pebble_D.uasset"
[2016.04.04-20.16.47:056][  0]LogPackFactory: Copied "../../../Samples/StarterContent/Content/StarterContent/Textures/T_CobbleStone_Pebble_M.uasset" to "../../../../../../Users/cuche/Desktop/TIWAD/Content/StarterContent/Textures/T_CobbleStone_Pebble_M.uasset"
[2016.04.04-20.16.47:114][  0]LogPackFactory: Copied "../../../Samples/StarterContent/Content/StarterContent/Textures/T_CobbleStone_Pebble_N.uasset" to "../../../../../../Users/cuche/Desktop/TIWAD/Content/StarterContent/Textures/T_CobbleStone_Pebble_N.uasset"
[2016.04.04-20.16.47:135][  0]LogPackFactory: Copied "../../../Samples/StarterContent/Content/StarterContent/Textures/T_CobbleStone_Rough_D.uasset" to "../../../../../../Users/cuche/Desktop/TIWAD/Content/StarterContent/Textures/T_CobbleStone_Rough_D.uasset"
[2016.04.04-20.16.47:154][  0]LogPackFactory: Copied "../../../Samples/StarterContent/Content/StarterContent/Textures/T_CobbleStone_Rough_N.uasset" to "../../../../../../Users/cuche/Desktop/TIWAD/Content/StarterContent/Textures/T_CobbleStone_Rough_N.uasset"
[2016.04.04-20.16.47:190][  0]LogPackFactory: Copied "../../../Samples/StarterContent/Content/StarterContent/Textures/T_CobbleStone_Smooth_D.uasset" to "../../../../../../Users/cuche/Desktop/TIWAD/Content/StarterContent/Textures/T_CobbleStone_Smooth_D.uasset"
[2016.04.04-20.16.47:224][  0]LogPackFactory: Copied "../../../Samples/StarterContent/Content/StarterContent/Textures/T_CobbleStone_Smooth_M.uasset" to "../../../../../../Users/cuche/Desktop/TIWAD/Content/StarterContent/Textures/T_CobbleStone_Smooth_M.uasset"
[2016.04.04-20.16.47:271][  0]LogPackFactory: Copied "../../../Samples/StarterContent/Content/StarterContent/Textures/T_CobbleStone_Smooth_N.uasset" to "../../../../../../Users/cuche/Desktop/TIWAD/Content/StarterContent/Textures/T_CobbleStone_Smooth_N.uasset"
[2016.04.04-20.16.47:324][  0]LogPackFactory: Copied "../../../Samples/StarterContent/Content/StarterContent/Textures/T_Concrete_Grime_D.uasset" to "../../../../../../Users/cuche/Desktop/TIWAD/Content/StarterContent/Textures/T_Concrete_Grime_D.uasset"
[2016.04.04-20.16.47:369][  0]LogPackFactory: Copied "../../../Samples/StarterContent/Content/StarterContent/Textures/T_Concrete_Panels_D.uasset" to "../../../../../../Users/cuche/Desktop/TIWAD/Content/StarterContent/Textures/T_Concrete_Panels_D.uasset"
[2016.04.04-20.16.47:414][  0]LogPackFactory: Copied "../../../Samples/StarterContent/Content/StarterContent/Textures/T_Concrete_Panels_N.uasset" to "../../../../../../Users/cuche/Desktop/TIWAD/Content/StarterContent/Textures/T_Concrete_Panels_N.uasset"
[2016.04.04-20.16.47:471][  0]LogPackFactory: Copied "../../../Samples/StarterContent/Content/StarterContent/Textures/T_Concrete_Poured_D.uasset" to "../../../../../../Users/cuche/Desktop/TIWAD/Content/StarterContent/Textures/T_Concrete_Poured_D.uasset"
[2016.04.04-20.16.47:509][  0]LogPackFactory: Copied "../../../Samples/StarterContent/Content/StarterContent/Textures/T_Concrete_Poured_N.uasset" to "../../../../../../Users/cuche/Desktop/TIWAD/Content/StarterContent/Textures/T_Concrete_Poured_N.uasset"
[2016.04.04-20.16.47:537][  0]LogPackFactory: Copied "../../../Samples/StarterContent/Content/StarterContent/Textures/T_Concrete_Tiles_D.uasset" to "../../../../../../Users/cuche/Desktop/TIWAD/Content/StarterContent/Textures/T_Concrete_Tiles_D.uasset"
[2016.04.04-20.16.47:568][  0]LogPackFactory: Copied "../../../Samples/StarterContent/Content/StarterContent/Textures/T_Concrete_Tiles_M.uasset" to "../../../../../../Users/cuche/Desktop/TIWAD/Content/StarterContent/Textures/T_Concrete_Tiles_M.uasset"
[2016.04.04-20.16.47:603][  0]LogPackFactory: Copied "../../../Samples/StarterContent/Content/StarterContent/Textures/T_Concrete_Tiles_N.uasset" to "../../../../../../Users/cuche/Desktop/TIWAD/Content/StarterContent/Textures/T_Concrete_Tiles_N.uasset"
[2016.04.04-20.16.47:606][  0]LogPackFactory: Copied "../../../Samples/StarterContent/Content/StarterContent/Textures/T_Concrete_Tiles_Variation_M.uasset" to "../../../../../../Users/cuche/Desktop/TIWAD/Content/StarterContent/Textures/T_Concrete_Tiles_Variation_M.uasset"
[2016.04.04-20.16.47:625][  0]LogPackFactory: Copied "../../../Samples/StarterContent/Content/StarterContent/Textures/T_Detail_Rocky_N.uasset" to "../../../../../../Users/cuche/Desktop/TIWAD/Content/StarterContent/Textures/T_Detail_Rocky_N.uasset"
[2016.04.04-20.16.47:634][  0]LogPackFactory: Copied "../../../Samples/StarterContent/Content/StarterContent/Textures/T_Door_M.uasset" to "../../../../../../Users/cuche/Desktop/TIWAD/Content/StarterContent/Textures/T_Door_M.uasset"
[2016.04.04-20.16.47:646][  0]LogPackFactory: Copied "../../../Samples/StarterContent/Content/StarterContent/Textures/T_Door_N.uasset" to "../../../../../../Users/cuche/Desktop/TIWAD/Content/StarterContent/Textures/T_Door_N.uasset"
[2016.04.04-20.16.47:652][  0]LogPackFactory: Copied "../../../Samples/StarterContent/Content/StarterContent/Textures/T_Dust_Particle_D.uasset" to "../../../../../../Users/cuche/Desktop/TIWAD/Content/StarterContent/Textures/T_Dust_Particle_D.uasset"
[2016.04.04-20.16.47:671][  0]LogPackFactory: Copied "../../../Samples/StarterContent/Content/StarterContent/Textures/T_Explosion_SubUV.uasset" to "../../../../../../Users/cuche/Desktop/TIWAD/Content/StarterContent/Textures/T_Explosion_SubUV.uasset"
[2016.04.04-20.16.47:680][  0]LogPackFactory: Copied "../../../Samples/StarterContent/Content/StarterContent/Textures/T_Fire_SubUV.uasset" to "../../../../../../Users/cuche/Desktop/TIWAD/Content/StarterContent/Textures/T_Fire_SubUV.uasset"
[2016.04.04-20.16.47:700][  0]LogPackFactory: Copied "../../../Samples/StarterContent/Content/StarterContent/Textures/T_Fire_Tiled_D.uasset" to "../../../../../../Users/cuche/Desktop/TIWAD/Content/StarterContent/Textures/T_Fire_Tiled_D.uasset"
[2016.04.04-20.16.47:709][  0]LogPackFactory: Copied "../../../Samples/StarterContent/Content/StarterContent/Textures/T_Frame_M.uasset" to "../../../../../../Users/cuche/Desktop/TIWAD/Content/StarterContent/Textures/T_Frame_M.uasset"
[2016.04.04-20.16.47:721][  0]LogPackFactory: Copied "../../../Samples/StarterContent/Content/StarterContent/Textures/T_Frame_N.uasset" to "../../../../../../Users/cuche/Desktop/TIWAD/Content/StarterContent/Textures/T_Frame_N.uasset"
[2016.04.04-20.16.47:725][  0]LogPackFactory: Copied "../../../Samples/StarterContent/Content/StarterContent/Textures/T_Gradinet_01.uasset" to "../../../../../../Users/cuche/Desktop/TIWAD/Content/StarterContent/Textures/T_Gradinet_01.uasset"
[2016.04.04-20.16.48:290][  0]LogPackFactory: Copied "../../../Samples/StarterContent/Content/StarterContent/Textures/T_Ground_Grass_D.uasset" to "../../../../../../Users/cuche/Desktop/TIWAD/Content/StarterContent/Textures/T_Ground_Grass_D.uasset"
[2016.04.04-20.16.48:345][  0]LogPackFactory: Copied "../../../Samples/StarterContent/Content/StarterContent/Textures/T_Ground_Grass_N.uasset" to "../../../../../../Users/cuche/Desktop/TIWAD/Content/StarterContent/Textures/T_Ground_Grass_N.uasset"
[2016.04.04-20.16.48:396][  0]LogPackFactory: Copied "../../../Samples/StarterContent/Content/StarterContent/Textures/T_Ground_Gravel_D.uasset" to "../../../../../../Users/cuche/Desktop/TIWAD/Content/StarterContent/Textures/T_Ground_Gravel_D.uasset"
[2016.04.04-20.16.48:434][  0]LogPackFactory: Copied "../../../Samples/StarterContent/Content/StarterContent/Textures/T_Ground_Gravel_N.uasset" to "../../../../../../Users/cuche/Desktop/TIWAD/Content/StarterContent/Textures/T_Ground_Gravel_N.uasset"
[2016.04.04-20.16.48:495][  0]LogPackFactory: Copied "../../../Samples/StarterContent/Content/StarterContent/Textures/T_ground_Moss_D.uasset" to "../../../../../../Users/cuche/Desktop/TIWAD/Content/StarterContent/Textures/T_ground_Moss_D.uasset"
[2016.04.04-20.16.48:537][  0]LogPackFactory: Copied "../../../Samples/StarterContent/Content/StarterContent/Textures/T_Ground_Moss_N.uasset" to "../../../../../../Users/cuche/Desktop/TIWAD/Content/StarterContent/Textures/T_Ground_Moss_N.uasset"
[2016.04.04-20.16.48:547][  0]LogPackFactory: Copied "../../../Samples/StarterContent/Content/StarterContent/Textures/T_Lamp_M.uasset" to "../../../../../../Users/cuche/Desktop/TIWAD/Content/StarterContent/Textures/T_Lamp_M.uasset"
[2016.04.04-20.16.48:562][  0]LogPackFactory: Copied "../../../Samples/StarterContent/Content/StarterContent/Textures/T_Lamp_N.uasset" to "../../../../../../Users/cuche/Desktop/TIWAD/Content/StarterContent/Textures/T_Lamp_N.uasset"
[2016.04.04-20.16.48:615][  0]LogPackFactory: Copied "../../../Samples/StarterContent/Content/StarterContent/Textures/T_MacroVariation.uasset" to "../../../../../../Users/cuche/Desktop/TIWAD/Content/StarterContent/Textures/T_MacroVariation.uasset"
[2016.04.04-20.16.48:662][  0]LogPackFactory: Copied "../../../Samples/StarterContent/Content/StarterContent/Textures/T_Metal_Aluminum_D.uasset" to "../../../../../../Users/cuche/Desktop/TIWAD/Content/StarterContent/Textures/T_Metal_Aluminum_D.uasset"
[2016.04.04-20.16.48:708][  0]LogPackFactory: Copied "../../../Samples/StarterContent/Content/StarterContent/Textures/T_Metal_Copper_D.uasset" to "../../../../../../Users/cuche/Desktop/TIWAD/Content/StarterContent/Textures/T_Metal_Copper_D.uasset"
[2016.04.04-20.16.48:754][  0]LogPackFactory: Copied "../../../Samples/StarterContent/Content/StarterContent/Textures/T_Metal_Gold_D.uasset" to "../../../../../../Users/cuche/Desktop/TIWAD/Content/StarterContent/Textures/T_Metal_Gold_D.uasset"
[2016.04.04-20.16.48:774][  0]LogPackFactory: Copied "../../../Samples/StarterContent/Content/StarterContent/Textures/T_Metal_Gold_N.uasset" to "../../../../../../Users/cuche/Desktop/TIWAD/Content/StarterContent/Textures/T_Metal_Gold_N.uasset"
[2016.04.04-20.16.48:822][  0]LogPackFactory: Copied "../../../Samples/StarterContent/Content/StarterContent/Textures/T_Metal_Rust_D.uasset" to "../../../../../../Users/cuche/Desktop/TIWAD/Content/StarterContent/Textures/T_Metal_Rust_D.uasset"
[2016.04.04-20.16.48:869][  0]LogPackFactory: Copied "../../../Samples/StarterContent/Content/StarterContent/Textures/T_Metal_Rust_N.uasset" to "../../../../../../Users/cuche/Desktop/TIWAD/Content/StarterContent/Textures/T_Metal_Rust_N.uasset"
[2016.04.04-20.16.48:892][  0]LogPackFactory: Copied "../../../Samples/StarterContent/Content/StarterContent/Textures/T_Metal_Steel_D.uasset" to "../../../../../../Users/cuche/Desktop/TIWAD/Content/StarterContent/Textures/T_Metal_Steel_D.uasset"
[2016.04.04-20.16.48:922][  0]LogPackFactory: Copied "../../../Samples/StarterContent/Content/StarterContent/Textures/T_Metal_Steel_N.uasset" to "../../../../../../Users/cuche/Desktop/TIWAD/Content/StarterContent/Textures/T_Metal_Steel_N.uasset"
[2016.04.04-20.16.48:963][  0]LogPackFactory: Copied "../../../Samples/StarterContent/Content/StarterContent/Textures/T_Perlin_Noise_M.uasset" to "../../../../../../Users/cuche/Desktop/TIWAD/Content/StarterContent/Textures/T_Perlin_Noise_M.uasset"
[2016.04.04-20.16.48:982][  0]LogPackFactory: Copied "../../../Samples/StarterContent/Content/StarterContent/Textures/T_RockMesh_M.uasset" to "../../../../../../Users/cuche/Desktop/TIWAD/Content/StarterContent/Textures/T_RockMesh_M.uasset"
[2016.04.04-20.16.49:014][  0]LogPackFactory: Copied "../../../Samples/StarterContent/Content/StarterContent/Textures/T_RockMesh_N.uasset" to "../../../../../../Users/cuche/Desktop/TIWAD/Content/StarterContent/Textures/T_RockMesh_N.uasset"
[2016.04.04-20.16.49:062][  0]LogPackFactory: Copied "../../../Samples/StarterContent/Content/StarterContent/Textures/T_Rock_Basalt_D.uasset" to "../../../../../../Users/cuche/Desktop/TIWAD/Content/StarterContent/Textures/T_Rock_Basalt_D.uasset"
[2016.04.04-20.16.49:102][  0]LogPackFactory: Copied "../../../Samples/StarterContent/Content/StarterContent/Textures/T_Rock_Basalt_N.uasset" to "../../../../../../Users/cuche/Desktop/TIWAD/Content/StarterContent/Textures/T_Rock_Basalt_N.uasset"
[2016.04.04-20.16.49:136][  0]LogPackFactory: Copied "../../../Samples/StarterContent/Content/StarterContent/Textures/T_Rock_Marble_Polished_D.uasset" to "../../../../../../Users/cuche/Desktop/TIWAD/Content/StarterContent/Textures/T_Rock_Marble_Polished_D.uasset"
[2016.04.04-20.16.49:198][  0]LogPackFactory: Copied "../../../Samples/StarterContent/Content/StarterContent/Textures/T_Rock_Sandstone_D.uasset" to "../../../../../../Users/cuche/Desktop/TIWAD/Content/StarterContent/Textures/T_Rock_Sandstone_D.uasset"
[2016.04.04-20.16.49:241][  0]LogPackFactory: Copied "../../../Samples/StarterContent/Content/StarterContent/Textures/T_Rock_Sandstone_N.uasset" to "../../../../../../Users/cuche/Desktop/TIWAD/Content/StarterContent/Textures/T_Rock_Sandstone_N.uasset"
[2016.04.04-20.16.49:323][  0]LogPackFactory: Copied "../../../Samples/StarterContent/Content/StarterContent/Textures/T_Rock_Slate_D.uasset" to "../../../../../../Users/cuche/Desktop/TIWAD/Content/StarterContent/Textures/T_Rock_Slate_D.uasset"
[2016.04.04-20.16.49:375][  0]LogPackFactory: Copied "../../../Samples/StarterContent/Content/StarterContent/Textures/T_Rock_Slate_N.uasset" to "../../../../../../Users/cuche/Desktop/TIWAD/Content/StarterContent/Textures/T_Rock_Slate_N.uasset"
[2016.04.04-20.16.49:421][  0]LogPackFactory: Copied "../../../Samples/StarterContent/Content/StarterContent/Textures/T_Rock_Smooth_Granite_D.uasset" to "../../../../../../Users/cuche/Desktop/TIWAD/Content/StarterContent/Textures/T_Rock_Smooth_Granite_D.uasset"
[2016.04.04-20.16.49:431][  0]LogPackFactory: Copied "../../../Samples/StarterContent/Content/StarterContent/Textures/T_Shelf_M.uasset" to "../../../../../../Users/cuche/Desktop/TIWAD/Content/StarterContent/Textures/T_Shelf_M.uasset"
[2016.04.04-20.16.49:452][  0]LogPackFactory: Copied "../../../Samples/StarterContent/Content/StarterContent/Textures/T_Shelf_N.uasset" to "../../../../../../Users/cuche/Desktop/TIWAD/Content/StarterContent/Textures/T_Shelf_N.uasset"
[2016.04.04-20.16.49:456][  0]LogPackFactory: Copied "../../../Samples/StarterContent/Content/StarterContent/Textures/T_Single_Tile_N.uasset" to "../../../../../../Users/cuche/Desktop/TIWAD/Content/StarterContent/Textures/T_Single_Tile_N.uasset"
[2016.04.04-20.16.49:475][  0]LogPackFactory: Copied "../../../Samples/StarterContent/Content/StarterContent/Textures/T_Smoke_SubUV.uasset" to "../../../../../../Users/cuche/Desktop/TIWAD/Content/StarterContent/Textures/T_Smoke_SubUV.uasset"
[2016.04.04-20.16.49:482][  0]LogPackFactory: Copied "../../../Samples/StarterContent/Content/StarterContent/Textures/T_Smoke_Tiled_D.uasset" to "../../../../../../Users/cuche/Desktop/TIWAD/Content/StarterContent/Textures/T_Smoke_Tiled_D.uasset"
[2016.04.04-20.16.49:497][  0]LogPackFactory: Copied "../../../Samples/StarterContent/Content/StarterContent/Textures/T_Spark_Core.uasset" to "../../../../../../Users/cuche/Desktop/TIWAD/Content/StarterContent/Textures/T_Spark_Core.uasset"
[2016.04.04-20.16.49:508][  0]LogPackFactory: Copied "../../../Samples/StarterContent/Content/StarterContent/Textures/T_Statue_M.uasset" to "../../../../../../Users/cuche/Desktop/TIWAD/Content/StarterContent/Textures/T_Statue_M.uasset"
[2016.04.04-20.16.49:518][  0]LogPackFactory: Copied "../../../Samples/StarterContent/Content/StarterContent/Textures/T_Statue_N.uasset" to "../../../../../../Users/cuche/Desktop/TIWAD/Content/StarterContent/Textures/T_Statue_N.uasset"
[2016.04.04-20.16.49:528][  0]LogPackFactory: Copied "../../../Samples/StarterContent/Content/StarterContent/Textures/T_TableRound_M.uasset" to "../../../../../../Users/cuche/Desktop/TIWAD/Content/StarterContent/Textures/T_TableRound_M.uasset"
[2016.04.04-20.16.49:542][  0]LogPackFactory: Copied "../../../Samples/StarterContent/Content/StarterContent/Textures/T_TableRound_N.uasset" to "../../../../../../Users/cuche/Desktop/TIWAD/Content/StarterContent/Textures/T_TableRound_N.uasset"
[2016.04.04-20.16.49:549][  0]LogPackFactory: Copied "../../../Samples/StarterContent/Content/StarterContent/Textures/T_Tech_Dot_M.uasset" to "../../../../../../Users/cuche/Desktop/TIWAD/Content/StarterContent/Textures/T_Tech_Dot_M.uasset"
[2016.04.04-20.16.49:557][  0]LogPackFactory: Copied "../../../Samples/StarterContent/Content/StarterContent/Textures/T_Tech_Dot_N.uasset" to "../../../../../../Users/cuche/Desktop/TIWAD/Content/StarterContent/Textures/T_Tech_Dot_N.uasset"
[2016.04.04-20.16.49:567][  0]LogPackFactory: Copied "../../../Samples/StarterContent/Content/StarterContent/Textures/T_Tech_Hex_Tile_M.uasset" to "../../../../../../Users/cuche/Desktop/TIWAD/Content/StarterContent/Textures/T_Tech_Hex_Tile_M.uasset"
[2016.04.04-20.16.49:576][  0]LogPackFactory: Copied "../../../Samples/StarterContent/Content/StarterContent/Textures/T_Tech_Hex_Tile_N.uasset" to "../../../../../../Users/cuche/Desktop/TIWAD/Content/StarterContent/Textures/T_Tech_Hex_Tile_N.uasset"
[2016.04.04-20.16.49:587][  0]LogPackFactory: Copied "../../../Samples/StarterContent/Content/StarterContent/Textures/T_Tech_Panel_M.uasset" to "../../../../../../Users/cuche/Desktop/TIWAD/Content/StarterContent/Textures/T_Tech_Panel_M.uasset"
[2016.04.04-20.16.49:603][  0]LogPackFactory: Copied "../../../Samples/StarterContent/Content/StarterContent/Textures/T_Tech_Panel_N.uasset" to "../../../../../../Users/cuche/Desktop/TIWAD/Content/StarterContent/Textures/T_Tech_Panel_N.uasset"
[2016.04.04-20.16.49:618][  0]LogPackFactory: Copied "../../../Samples/StarterContent/Content/StarterContent/Textures/T_Water_M.uasset" to "../../../../../../Users/cuche/Desktop/TIWAD/Content/StarterContent/Textures/T_Water_M.uasset"
[2016.04.04-20.16.49:635][  0]LogPackFactory: Copied "../../../Samples/StarterContent/Content/StarterContent/Textures/T_Water_N.uasset" to "../../../../../../Users/cuche/Desktop/TIWAD/Content/StarterContent/Textures/T_Water_N.uasset"
[2016.04.04-20.16.49:664][  0]LogPackFactory: Copied "../../../Samples/StarterContent/Content/StarterContent/Textures/T_Wood_Floor_Walnut_D.uasset" to "../../../../../../Users/cuche/Desktop/TIWAD/Content/StarterContent/Textures/T_Wood_Floor_Walnut_D.uasset"
[2016.04.04-20.16.49:689][  0]LogPackFactory: Copied "../../../Samples/StarterContent/Content/StarterContent/Textures/T_Wood_Floor_Walnut_M.uasset" to "../../../../../../Users/cuche/Desktop/TIWAD/Content/StarterContent/Textures/T_Wood_Floor_Walnut_M.uasset"
[2016.04.04-20.16.49:709][  0]LogPackFactory: Copied "../../../Samples/StarterContent/Content/StarterContent/Textures/T_Wood_Floor_Walnut_N.uasset" to "../../../../../../Users/cuche/Desktop/TIWAD/Content/StarterContent/Textures/T_Wood_Floor_Walnut_N.uasset"
[2016.04.04-20.16.49:745][  0]LogPackFactory: Copied "../../../Samples/StarterContent/Content/StarterContent/Textures/T_Wood_Oak_D.uasset" to "../../../../../../Users/cuche/Desktop/TIWAD/Content/StarterContent/Textures/T_Wood_Oak_D.uasset"
[2016.04.04-20.16.50:700][  0]LogPackFactory: Copied "../../../Samples/StarterContent/Content/StarterContent/Textures/T_Wood_Oak_N.uasset" to "../../../../../../Users/cuche/Desktop/TIWAD/Content/StarterContent/Textures/T_Wood_Oak_N.uasset"
[2016.04.04-20.16.50:800][  0]LogPackFactory: Copied "../../../Samples/StarterContent/Content/StarterContent/Textures/T_Wood_Pine_D.uasset" to "../../../../../../Users/cuche/Desktop/TIWAD/Content/StarterContent/Textures/T_Wood_Pine_D.uasset"
[2016.04.04-20.16.50:822][  0]LogPackFactory: Copied "../../../Samples/StarterContent/Content/StarterContent/Textures/T_Wood_Pine_N.uasset" to "../../../../../../Users/cuche/Desktop/TIWAD/Content/StarterContent/Textures/T_Wood_Pine_N.uasset"
[2016.04.04-20.16.50:858][  0]LogPackFactory: Copied "../../../Samples/StarterContent/Content/StarterContent/Textures/T_Wood_Walnut_D.uasset" to "../../../../../../Users/cuche/Desktop/TIWAD/Content/StarterContent/Textures/T_Wood_Walnut_D.uasset"
[2016.04.04-20.16.50:882][  0]LogPackFactory: Copied "../../../Samples/StarterContent/Content/StarterContent/Textures/T_Wood_Walnut_N.uasset" to "../../../../../../Users/cuche/Desktop/TIWAD/Content/StarterContent/Textures/T_Wood_Walnut_N.uasset"
[2016.04.04-20.16.50:970][  0]LogRenderer: Reallocating scene render targets to support 256x256 (Frame:2).
[2016.04.04-20.16.51:010][  0]Cmd: OBJ SAVEPACKAGE PACKAGE="/Game/StarterContent/Architecture/Floor_400x400" FILE="../../../../../../Users/cuche/Desktop/TIWAD/Content/StarterContent/Architecture/Floor_400x400.uasset" SILENT=true
[2016.04.04-20.16.51:030][  0]LogSavePackage: Save=12.073304ms
[2016.04.04-20.16.51:030][  0]LogSavePackage: Moving '../../../../../../Users/cuche/Desktop/TIWAD/Saved/Floor_400x400617FD3E948275E77A3498E8A13F0078C.tmp' to '../../../../../../Users/cuche/Desktop/TIWAD/Content/StarterContent/Architecture/Floor_400x400.uasset'
[2016.04.04-20.16.51:033][  0]LogSavePackage: Total save time: 22.065293ms
[2016.04.04-20.16.51:033][  0]LogSavePackage:Display: Finished SavePackage ../../../../../../Users/cuche/Desktop/TIWAD/Content/StarterContent/Architecture/Floor_400x400.uasset
[2016.04.04-20.16.51:033][  0]LogFeaturePack:Warning: Inserted 1 feature packs
[2016.04.04-20.16.51:036][  0]Cmd: MAP LOAD FILE="../../../../../../Users/cuche/Desktop/TIWAD/Content/StarterContent/Maps/Minimal_Default.umap" TEMPLATE=0 SHOWPROGRESS=1 FEATURELEVEL=3
[2016.04.04-20.16.51:036][  0]LightingResults: New page: Lighting Build
[2016.04.04-20.16.51:039][  0]MapCheck: New page: Map Check
[2016.04.04-20.16.51:039][  0]LightingResults: New page: Lighting Build
[2016.04.04-20.16.51:048][  0]LogParticles: Destroying 0 GPU particle simulations for FXSystem 0x0000000025A82160
[2016.04.04-20.16.51:400][  0]LogAIModule: Creating AISystem for world Minimal_Default
[2016.04.04-20.16.51:405][  0]LogEditorServer: Finished looking for orphan Actors (0.000 secs)
[2016.04.04-20.16.51:405][  0]Cmd: MAP CHECKDEP NOCLEARLOG
[2016.04.04-20.16.51:444][  0]MapCheck: Info Map check complete: 0 Error(s), 0 Warning(s), took 38.554ms to complete.
[2016.04.04-20.16.51:444][  0]LogFileHelpers: Loading map 'Minimal_Default' took 0.408
[2016.04.04-20.16.51:526][  0]LogCollectionManager: Loaded 0 collections in 0.001675 seconds
[2016.04.04-20.16.51:563][  0]LogFileCache: Scanning file cache for directory 'C:/Users/cuche/Desktop/TIWAD/Saved/Collections/' took 0.01s
[2016.04.04-20.16.51:563][  0]LogFileCache: Scanning file cache for directory 'C:/Users/cuche/Desktop/TIWAD/Content/Developers/cuche/Collections/' took 0.01s
[2016.04.04-20.16.51:563][  0]LogFileCache: Scanning file cache for directory 'C:/Users/cuche/Desktop/TIWAD/Content/Collections/' took 0.01s
[2016.04.04-20.16.51:563][  0]LogCollectionManager: Rebuilt the GUID cache for 0 collections in 0.000002 seconds
[2016.04.04-20.16.51:570][  0]LogContentBrowser: Native class hierarchy populated in 0.0069 seconds. Added 1893 classes and 338 folders.
[2016.04.04-20.16.51:576][  0]LogContentBrowser: Native class hierarchy updated for 'WidgetCarousel' in 0.0003 seconds. Added 0 classes and 0 fold